Linux 6.14.0-37-generic (sameer-HP-Pavilion-Laptop-15-eg2xxx) 	02/03/2026 	_x86_64_	(16 CPU)

08:10:39 PM  CPU    %usr   %nice    %sys %iowait    %irq   %soft  %steal  %guest  %gnice   %idle
08:10:40 PM  all    5.00    4.00    8.00    3.00    0.00    0.00    0.00    0.00    0.00   80.00
08:10:41 PM  all    2.02    0.00    5.05    0.00    0.00    0.00    0.00    0.00    0.00   92.93
08:10:42 PM  all    2.04    0.00    4.08    0.00    0.00    0.00    0.00    0.00    0.00   93.88
08:10:43 PM  all    1.01    0.00    5.05    0.00    0.00    0.00    0.00    0.00    0.00   93.94
08:10:44 PM  all    1.01    0.00    5.05    0.00    0.00    0.00    0.00    0.00    0.00   93.94
08:10:45 PM  all    2.04    0.00    5.10    2.04    0.00    0.00    0.00    0.00    0.00   90.82
08:10:46 PM  all    1.01    1.01    4.04    0.00    0.00    0.00    0.00    0.00    0.00   93.94
08:10:47 PM  all    1.01    0.00    6.06    2.02    0.00    0.00    0.00    0.00    0.00   90.91
08:10:48 PM  all    1.02    0.00    5.10    0.00    0.00    0.00    0.00    0.00    0.00   93.88
08:10:49 PM  all    3.03    0.00    4.04    0.00    0.00    0.00    0.00    0.00    0.00   92.93
08:10:50 PM  all   23.47    0.00    5.10    0.00    0.00    0.00    0.00    0.00    0.00   71.43
08:10:51 PM  all   89.11    0.00    2.97    0.00    0.00    0.99    0.00    0.00    0.00    6.93
08:10:52 PM  all   91.92    0.00    2.02    0.00    0.00    0.00    0.00    0.00    0.00    6.06
08:10:53 PM  all   93.07    0.00    1.98    0.00    0.00    0.99    0.00    0.00    0.00    3.96
08:10:54 PM  all   96.97    0.00    3.03    0.00    0.00    0.00    0.00    0.00    0.00    0.00
08:10:55 PM  all   95.05    0.00    3.96    0.00    0.00    0.99    0.00    0.00    0.00    0.00
08:10:56 PM  all   96.00    0.00    3.00    0.00    0.00    1.00    0.00    0.00    0.00    0.00
08:10:57 PM  all   95.00    0.00    4.00    0.00    0.00    1.00    0.00    0.00    0.00    0.00
08:10:58 PM  all   96.00    0.00    3.00    0.00    0.00    1.00    0.00    0.00    0.00    0.00
08:10:59 PM  all   95.96    0.00    2.02    0.00    0.00    0.00    0.00    0.00    0.00    2.02
08:11:00 PM  all   88.12    0.00    2.97    0.00    0.00    0.99    0.00    0.00    0.00    7.92
08:11:01 PM  all   86.87    0.00    2.02    0.00    0.00    0.00    0.00    0.00    0.00   11.11
08:11:02 PM  all   94.00    0.00    2.00    0.00    0.00    1.00    0.00    0.00    0.00    3.00
08:11:03 PM  all   96.00    0.00    3.00    0.00    0.00    1.00    0.00    0.00    0.00    0.00
08:11:04 PM  all   97.03    0.00    1.98    0.00    0.00    0.99    0.00    0.00    0.00    0.00
08:11:05 PM  all   97.98    0.00    2.02    0.00    0.00    0.00    0.00    0.00    0.00    0.00
08:11:06 PM  all   96.00    0.00    3.00    0.00    0.00    1.00    0.00    0.00    0.00    0.00
08:11:07 PM  all   96.00    0.00    3.00    0.00    0.00    1.00    0.00    0.00    0.00    0.00
08:11:08 PM  all   97.00    0.00    2.00    0.00    0.00    1.00    0.00    0.00    0.00    0.00
08:11:09 PM  all   96.04    0.00    2.97    0.00    0.00    0.99    0.00    0.00    0.00    0.00
08:11:10 PM  all   97.00    0.00    3.00    0.00    0.00    0.00    0.00    0.00    0.00    0.00
08:11:11 PM  all   96.97    0.00    2.02    0.00    0.00    1.01    0.00    0.00    0.00    0.00
08:11:12 PM  all   97.00    0.00    3.00    0.00    0.00    0.00    0.00    0.00    0.00    0.00
08:11:13 PM  all   96.00    0.00    4.00    0.00    0.00    0.00    0.00    0.00    0.00    0.00
08:11:14 PM  all   96.00    0.00    3.00    0.00    0.00    1.00    0.00    0.00    0.00    0.00
08:11:15 PM  all   96.04    0.00    2.97    0.00    0.00    0.99    0.00    0.00    0.00    0.00
08:11:16 PM  all   96.00    0.00    3.00    0.00    0.00    1.00    0.00    0.00    0.00    0.00
08:11:17 PM  all   96.97    0.00    3.03    0.00    0.00    0.00    0.00    0.00    0.00    0.00
08:11:18 PM  all   96.00    0.00    3.00    0.00    0.00    1.00    0.00    0.00    0.00    0.00
08:11:19 PM  all   96.00    0.00    3.00    0.00    0.00    1.00    0.00    0.00    0.00    0.00
08:11:20 PM  all   97.00    0.00    2.00    0.00    0.00    1.00    0.00    0.00    0.00    0.00
08:11:21 PM  all   97.00    0.00    3.00    0.00    0.00    0.00    0.00    0.00    0.00    0.00
08:11:22 PM  all   96.00    0.00    3.00    0.00    0.00    1.00    0.00    0.00    0.00    0.00
08:11:23 PM  all   97.00    0.00    3.00    0.00    0.00    0.00    0.00    0.00    0.00    0.00
08:11:24 PM  all   97.03    0.00    1.98    0.00    0.00    0.99    0.00    0.00    0.00    0.00
08:11:25 PM  all   97.98    0.00    2.02    0.00    0.00    0.00    0.00    0.00    0.00    0.00
08:11:26 PM  all   96.00    0.00    3.00    0.00    0.00    1.00    0.00    0.00    0.00    0.00
08:11:27 PM  all   96.04    0.00    2.97    0.00    0.00    0.99    0.00    0.00    0.00    0.00
08:11:28 PM  all   96.97    0.00    2.02    0.00    0.00    1.01    0.00    0.00    0.00    0.00
08:11:29 PM  all   97.00    0.00    3.00    0.00    0.00    0.00    0.00    0.00    0.00    0.00
08:11:30 PM  all   95.05    0.00    3.96    0.00    0.00    0.99    0.00    0.00    0.00    0.00
08:11:31 PM  all   97.98    0.00    2.02    0.00    0.00    0.00    0.00    0.00    0.00    0.00
08:11:32 PM  all   96.00    0.00    3.00    0.00    0.00    1.00    0.00    0.00    0.00    0.00
08:11:33 PM  all   96.04    0.00    2.97    0.00    0.00    0.99    0.00    0.00    0.00    0.00
08:11:34 PM  all   96.97    0.00    3.03    0.00    0.00    0.00    0.00    0.00    0.00    0.00
08:11:35 PM  all   96.00    0.00    3.00    0.00    0.00    1.00    0.00    0.00    0.00    0.00
08:11:36 PM  all   95.05    0.00    3.96    0.00    0.00    0.99    0.00    0.00    0.00    0.00
08:11:37 PM  all   95.96    0.00    3.03    0.00    0.00    1.01    0.00    0.00    0.00    0.00
08:11:38 PM  all   95.05    0.00    3.96    0.00    0.00    0.99    0.00    0.00    0.00    0.00
08:11:39 PM  all   96.97    0.00    3.03    0.00    0.00    0.00    0.00    0.00    0.00    0.00
08:11:40 PM  all   96.00    0.00    3.00    0.00    0.00    1.00    0.00    0.00    0.00    0.00
08:11:41 PM  all   97.00    0.00    3.00    0.00    0.00    0.00    0.00    0.00    0.00    0.00
08:11:42 PM  all   96.04    0.00    2.97    0.00    0.00    0.99    0.00    0.00    0.00    0.00
08:11:43 PM  all   97.98    0.00    2.02    0.00    0.00    0.00    0.00    0.00    0.00    0.00
08:11:44 PM  all   96.04    0.00    2.97    0.00    0.00    0.99    0.00    0.00    0.00    0.00
08:11:45 PM  all   98.00    0.00    2.00    0.00    0.00    0.00    0.00    0.00    0.00    0.00
08:11:46 PM  all   96.00    0.00    3.00    0.00    0.00    1.00    0.00    0.00    0.00    0.00
08:11:47 PM  all   96.97    0.00    3.03    0.00    0.00    0.00    0.00    0.00    0.00    0.00
08:11:48 PM  all   98.02    0.00    0.99    0.00    0.00    0.99    0.00    0.00    0.00    0.00
08:11:49 PM  all   96.97    0.00    3.03    0.00    0.00    0.00    0.00    0.00    0.00    0.00
08:11:50 PM  all   96.04    0.00    2.97    0.00    0.00    0.99    0.00    0.00    0.00    0.00
08:11:51 PM  all   96.97    0.00    2.02    0.00    0.00    1.01    0.00    0.00    0.00    0.00
08:11:52 PM  all   96.00    0.00    4.00    0.00    0.00    0.00    0.00    0.00    0.00    0.00
08:11:53 PM  all   96.04    0.00    2.97    0.00    0.00    0.99    0.00    0.00    0.00    0.00
08:11:54 PM  all   97.98    0.00    2.02    0.00    0.00    0.00    0.00    0.00    0.00    0.00
08:11:55 PM  all   96.04    0.00    2.97    0.00    0.00    0.99    0.00    0.00    0.00    0.00
08:11:56 PM  all   97.00    0.00    3.00    0.00    0.00    0.00    0.00    0.00    0.00    0.00
08:11:57 PM  all   96.97    0.00    2.02    0.00    0.00    1.01    0.00    0.00    0.00    0.00
08:11:58 PM  all   98.02    0.00    1.98    0.00    0.00    0.00    0.00    0.00    0.00    0.00
08:11:59 PM  all   97.00    0.00    2.00    0.00    0.00    1.00    0.00    0.00    0.00    0.00
08:12:00 PM  all   96.00    0.00    3.00    0.00    0.00    1.00    0.00    0.00    0.00    0.00
08:12:01 PM  all   96.97    0.00    2.02    0.00    0.00    1.01    0.00    0.00    0.00    0.00
08:12:02 PM  all   96.00    0.00    3.00    0.00    0.00    1.00    0.00    0.00    0.00    0.00
08:12:03 PM  all   96.04    0.00    3.96    0.00    0.00    0.00    0.00    0.00    0.00    0.00
08:12:04 PM  all   96.97    0.00    2.02    0.00    0.00    1.01    0.00    0.00    0.00    0.00
08:12:05 PM  all   97.00    0.00    3.00    0.00    0.00    0.00    0.00    0.00    0.00    0.00
08:12:06 PM  all   96.04    0.00    2.97    0.00    0.00    0.99    0.00    0.00    0.00    0.00
08:12:07 PM  all   97.98    0.00    2.02    0.00    0.00    0.00    0.00    0.00    0.00    0.00
08:12:08 PM  all   96.00    0.00    3.00    0.00    0.00    1.00    0.00    0.00    0.00    0.00
08:12:09 PM  all   97.03    0.00    2.97    0.00    0.00    0.00    0.00    0.00    0.00    0.00
08:12:10 PM  all   97.00    0.00    2.00    0.00    0.00    1.00    0.00    0.00    0.00    0.00
08:12:11 PM  all   96.97    0.00    3.03    0.00    0.00    0.00    0.00    0.00    0.00    0.00
08:12:12 PM  all   96.04    0.00    2.97    0.00    0.00    0.99    0.00    0.00    0.00    0.00
08:12:13 PM  all   90.82    0.00    3.06    0.00    0.00    0.00    0.00    0.00    0.00    6.12
08:12:14 PM  all   91.18    0.00    2.94    0.00    0.00    0.98    0.00    0.00    0.00    4.90
08:12:15 PM  all   88.66    0.00    2.06    0.00    0.00    0.00    0.00    0.00    0.00    9.28
08:12:16 PM  all   94.17    0.00    2.91    0.00    0.00    0.97    0.00    0.00    0.00    1.94
08:12:17 PM  all   97.98    0.00    2.02    0.00    0.00    0.00    0.00    0.00    0.00    0.00
08:12:18 PM  all   97.00    0.00    2.00    0.00    0.00    1.00    0.00    0.00    0.00    0.00
08:12:19 PM  all   86.87    0.00    3.03    0.00    0.00    0.00    0.00    0.00    0.00   10.10
08:12:20 PM  all   95.00    0.00    4.00    0.00    0.00    1.00    0.00    0.00    0.00    0.00
08:12:21 PM  all   86.14    0.00    2.97    0.00    0.00    0.99    0.00    0.00    0.00    9.90
08:12:22 PM  all   96.97    0.00    3.03    0.00    0.00    0.00    0.00    0.00    0.00    0.00
08:12:23 PM  all   96.04    0.00    2.97    0.00    0.00    0.99    0.00    0.00    0.00    0.00
08:12:24 PM  all   97.98    0.00    2.02    0.00    0.00    0.00    0.00    0.00    0.00    0.00
08:12:25 PM  all   96.04    0.00    2.97    0.00    0.00    0.99    0.00    0.00    0.00    0.00
08:12:26 PM  all   92.93    0.00    3.03    0.00    0.00    0.00    0.00    0.00    0.00    4.04
08:12:27 PM  all   96.97    0.00    2.02    0.00    0.00    1.01    0.00    0.00    0.00    0.00
08:12:28 PM  all   96.08    0.00    2.94    0.00    0.00    0.98    0.00    0.00    0.00    0.00
08:12:29 PM  all   97.98    0.00    2.02    0.00    0.00    0.00    0.00    0.00    0.00    0.00
08:12:30 PM  all   88.89    0.00    2.02    0.00    0.00    0.00    0.00    0.00    0.00    9.09
08:12:31 PM  all   96.04    0.00    2.97    0.00    0.00    0.99    0.00    0.00    0.00    0.00
08:12:32 PM  all   96.00    0.00    3.00    0.00    0.00    1.00    0.00    0.00    0.00    0.00
08:12:33 PM  all   97.00    0.00    3.00    0.00    0.00    0.00    0.00    0.00    0.00    0.00
08:12:34 PM  all   85.15    0.00    2.97    0.00    0.00    0.99    0.00    0.00    0.00   10.89
08:12:35 PM  all   81.82    0.00    3.03    0.00    0.00    1.01    0.00    0.00    0.00   14.14
08:12:36 PM  all   96.00    0.00    3.00    0.00    0.00    1.00    0.00    0.00    0.00    0.00
08:12:37 PM  all   96.00    0.00    3.00    0.00    0.00    1.00    0.00    0.00    0.00    0.00
08:12:38 PM  all   97.00    0.00    3.00    0.00    0.00    0.00    0.00    0.00    0.00    0.00
08:12:39 PM  all   96.97    0.00    2.02    0.00    0.00    1.01    0.00    0.00    0.00    0.00
08:12:40 PM  all   92.00    0.00    3.00    0.00    0.00    1.00    0.00    0.00    0.00    4.00
08:12:41 PM  all   95.00    0.00    3.00    0.00    0.00    1.00    0.00    0.00    0.00    1.00
08:12:42 PM  all   97.00    0.00    3.00    0.00    0.00    0.00    0.00    0.00    0.00    0.00
08:12:43 PM  all   96.04    0.00    1.98    0.00    0.00    1.98    0.00    0.00    0.00    0.00
08:12:44 PM  all   97.98    0.00    2.02    0.00    0.00    0.00    0.00    0.00    0.00    0.00
08:12:45 PM  all   97.00    0.00    3.00    0.00    0.00    0.00    0.00    0.00    0.00    0.00
08:12:46 PM  all   96.00    0.00    3.00    0.00    0.00    1.00    0.00    0.00    0.00    0.00
08:12:47 PM  all   97.03    0.00    1.98    0.00    0.00    0.99    0.00    0.00    0.00    0.00
08:12:48 PM  all   97.98    0.00    2.02    0.00    0.00    0.00    0.00    0.00    0.00    0.00
08:12:49 PM  all   96.00    0.00    3.00    0.00    0.00    1.00    0.00    0.00    0.00    0.00
08:12:50 PM  all   96.04    0.00    2.97    0.00    0.00    0.99    0.00    0.00    0.00    0.00
08:12:51 PM  all   97.00    0.00    2.00    0.00    0.00    1.00    0.00    0.00    0.00    0.00
08:12:52 PM  all   97.98    0.00    2.02    0.00    0.00    0.00    0.00    0.00    0.00    0.00
08:12:53 PM  all   97.03    0.00    1.98    0.00    0.00    0.99    0.00    0.00    0.00    0.00
08:12:54 PM  all   96.97    0.00    3.03    0.00    0.00    0.00    0.00    0.00    0.00    0.00
08:12:55 PM  all   97.00    0.00    2.00    0.00    0.00    1.00    0.00    0.00    0.00    0.00
08:12:56 PM  all   97.03    0.00    2.97    0.00    0.00    0.00    0.00    0.00    0.00    0.00
08:12:57 PM  all   97.98    0.00    2.02    0.00    0.00    0.00    0.00    0.00    0.00    0.00
08:12:58 PM  all   97.00    0.00    2.00    0.00    0.00    1.00    0.00    0.00    0.00    0.00
08:12:59 PM  all   97.00    0.00    3.00    0.00    0.00    0.00    0.00    0.00    0.00    0.00
08:13:00 PM  all   96.00    0.00    3.00    0.00    0.00    1.00    0.00    0.00    0.00    0.00
08:13:01 PM  all   96.00    0.00    3.00    0.00    0.00    1.00    0.00    0.00    0.00    0.00
08:13:02 PM  all   97.00    0.00    3.00    0.00    0.00    0.00    0.00    0.00    0.00    0.00
08:13:03 PM  all   96.04    0.00    2.97    0.00    0.00    0.99    0.00    0.00    0.00    0.00
08:13:04 PM  all   97.00    0.00    2.00    0.00    0.00    1.00    0.00    0.00    0.00    0.00
08:13:05 PM  all   96.97    0.00    3.03    0.00    0.00    0.00    0.00    0.00    0.00    0.00
08:13:06 PM  all   96.04    0.00    2.97    0.00    0.00    0.99    0.00    0.00    0.00    0.00
08:13:07 PM  all   96.97    0.00    3.03    0.00    0.00    0.00    0.00    0.00    0.00    0.00
08:13:08 PM  all   95.05    0.00    2.97    0.00    0.00    1.98    0.00    0.00    0.00    0.00
08:13:09 PM  all   96.97    0.00    2.02    0.00    0.00    1.01    0.00    0.00    0.00    0.00
08:13:10 PM  all   96.04    0.99    2.97    0.00    0.00    0.00    0.00    0.00    0.00    0.00
08:13:11 PM  all   96.00    0.00    3.00    0.00    0.00    1.00    0.00    0.00    0.00    0.00
08:13:12 PM  all   96.97    0.00    3.03    0.00    0.00    0.00    0.00    0.00    0.00    0.00
08:13:13 PM  all   96.04    0.00    2.97    0.00    0.00    0.99    0.00    0.00    0.00    0.00
08:13:14 PM  all   96.00    0.00    3.00    0.00    0.00    1.00    0.00    0.00    0.00    0.00
08:13:15 PM  all   97.03    0.00    2.97    0.00    0.00    0.00    0.00    0.00    0.00    0.00
08:13:16 PM  all   96.97    0.00    3.03    0.00    0.00    0.00    0.00    0.00    0.00    0.00
08:13:17 PM  all   96.04    0.00    2.97    0.00    0.00    0.99    0.00    0.00    0.00    0.00
08:13:18 PM  all   96.97    0.00    2.02    0.00    0.00    1.01    0.00    0.00    0.00    0.00
08:13:19 PM  all   97.00    0.00    3.00    0.00    0.00    0.00    0.00    0.00    0.00    0.00
08:13:20 PM  all   97.00    0.00    2.00    0.00    0.00    1.00    0.00    0.00    0.00    0.00
08:13:21 PM  all   97.00    0.00    3.00    0.00    0.00    0.00    0.00    0.00    0.00    0.00
08:13:22 PM  all   97.00    0.00    3.00    0.00    0.00    0.00    0.00    0.00    0.00    0.00
08:13:23 PM  all   97.00    0.00    2.00    0.00    0.00    1.00    0.00    0.00    0.00    0.00
08:13:24 PM  all   96.04    0.00    2.97    0.00    0.00    0.99    0.00    0.00    0.00    0.00
08:13:25 PM  all   97.98    0.00    2.02    0.00    0.00    0.00    0.00    0.00    0.00    0.00
08:13:26 PM  all   96.00    0.00    3.00    0.00    0.00    1.00    0.00    0.00    0.00    0.00
08:13:27 PM  all   97.00    0.00    3.00    0.00    0.00    0.00    0.00    0.00    0.00    0.00
08:13:28 PM  all   96.00    0.00    3.00    0.00    0.00    1.00    0.00    0.00    0.00    0.00
08:13:29 PM  all   98.00    0.00    2.00    0.00    0.00    0.00    0.00    0.00    0.00    0.00
08:13:30 PM  all   96.00    0.00    3.00    0.00    0.00    1.00    0.00    0.00    0.00    0.00
08:13:31 PM  all   96.04    0.00    1.98    0.00    0.00    1.98    0.00    0.00    0.00    0.00
08:13:32 PM  all   97.00    0.00    3.00    0.00    0.00    0.00    0.00    0.00    0.00    0.00
08:13:33 PM  all   97.00    0.00    2.00    0.00    0.00    1.00    0.00    0.00    0.00    0.00
08:13:34 PM  all   97.98    0.00    2.02    0.00    0.00    0.00    0.00    0.00    0.00    0.00
08:13:35 PM  all   97.00    0.00    2.00    0.00    0.00    1.00    0.00    0.00    0.00    0.00
08:13:36 PM  all   97.00    0.00    3.00    0.00    0.00    0.00    0.00    0.00    0.00    0.00
08:13:37 PM  all   97.00    0.00    2.00    0.00    0.00    1.00    0.00    0.00    0.00    0.00
08:13:38 PM  all   96.04    0.00    2.97    0.00    0.00    0.99    0.00    0.00    0.00    0.00
08:13:39 PM  all   96.97    0.00    2.02    0.00    0.00    1.01    0.00    0.00    0.00    0.00
08:13:40 PM  all   96.04    0.00    2.97    0.00    0.00    0.99    0.00    0.00    0.00    0.00
08:13:41 PM  all   97.00    0.00    3.00    0.00    0.00    0.00    0.00    0.00    0.00    0.00
08:13:42 PM  all   95.96    0.00    3.03    0.00    0.00    1.01    0.00    0.00    0.00    0.00
08:13:43 PM  all   96.04    0.00    2.97    0.00    0.00    0.99    0.00    0.00    0.00    0.00
08:13:44 PM  all   96.97    0.00    3.03    0.00    0.00    0.00    0.00    0.00    0.00    0.00
08:13:45 PM  all   97.00    0.00    2.00    0.00    0.00    1.00    0.00    0.00    0.00    0.00
08:13:46 PM  all   97.00    0.00    3.00    0.00    0.00    0.00    0.00    0.00    0.00    0.00
08:13:47 PM  all   95.05    0.00    3.96    0.00    0.00    0.99    0.00    0.00    0.00    0.00
08:13:48 PM  all   96.97    0.00    3.03    0.00    0.00    0.00    0.00    0.00    0.00    0.00
08:13:49 PM  all   96.00    0.00    3.00    0.00    0.00    1.00    0.00    0.00    0.00    0.00
08:13:50 PM  all   97.00    0.00    2.00    0.00    0.00    1.00    0.00    0.00    0.00    0.00
08:13:51 PM  all   97.03    0.00    2.97    0.00    0.00    0.00    0.00    0.00    0.00    0.00
08:13:52 PM  all   24.49    0.00    4.08    0.00    0.00    0.00    0.00    0.00    0.00   71.43
08:13:53 PM  all    1.00    0.00    5.00    2.00    0.00    0.00    0.00    0.00    0.00   92.00
08:13:54 PM  all    1.01    0.00    5.05    0.00    0.00    0.00    0.00    0.00    0.00   93.94
08:13:55 PM  all    2.00    0.00    5.00    0.00    0.00    0.00    0.00    0.00    0.00   93.00
08:13:56 PM  all    2.02    0.00    5.05    0.00    0.00    0.00    0.00    0.00    0.00   92.93
08:13:57 PM  all    1.00    0.00    4.00    1.00    0.00    0.00    0.00    0.00    0.00   94.00
08:13:58 PM  all    1.01    0.00    5.05    0.00    0.00    0.00    0.00    0.00    0.00   93.94
08:13:59 PM  all    0.00    0.00    5.10    0.00    0.00    0.00    0.00    0.00    0.00   94.90
08:14:00 PM  all    2.02    0.00    5.05    0.00    0.00    0.00    0.00    0.00    0.00   92.93
08:14:01 PM  all    1.01    0.00    5.05    0.00    0.00    0.00    0.00    0.00    0.00   93.94
08:14:02 PM  all    1.00    0.00    6.00    0.00    0.00    0.00    0.00    0.00    0.00   93.00
08:14:03 PM  all    0.00    0.00    3.06    0.00    0.00    0.00    0.00    0.00    0.00   96.94
08:14:04 PM  all    1.01    0.00    3.03    0.00    0.00    0.00    0.00    0.00    0.00   95.96
08:14:05 PM  all    1.02    0.00    4.08    0.00    0.00    0.00    0.00    0.00    0.00   94.90
08:14:06 PM  all    1.98    0.99    5.94    0.00    0.00    0.00    0.00    0.00    0.00   91.09
08:14:07 PM  all    1.00    0.00    6.00    0.00    0.00    0.00    0.00    0.00    0.00   93.00
08:14:08 PM  all    1.01    0.00    3.03    0.00    0.00    1.01    0.00    0.00    0.00   94.95
08:14:09 PM  all    2.02    0.00    4.04    2.02    0.00    0.00    0.00    0.00    0.00   91.92
08:14:10 PM  all    1.01    0.00    3.03    0.00    0.00    0.00    0.00    0.00    0.00   95.96
08:14:11 PM  all    1.00    0.00    4.00    0.00    0.00    0.00    0.00    0.00    0.00   95.00
08:14:12 PM  all    0.00    0.00    3.06    0.00    0.00    0.00    0.00    0.00    0.00   96.94
08:14:13 PM  all    7.00    0.00    5.00    0.00    0.00    0.00    0.00    0.00    0.00   88.00
08:14:14 PM  all    1.02    0.00    4.08    2.04    0.00    0.00    0.00    0.00    0.00   92.86
08:14:15 PM  all    1.00    0.00    6.00    1.00    0.00    0.00    0.00    0.00    0.00   92.00
08:14:16 PM  all    1.00    0.00    6.00    0.00    0.00    0.00    0.00    0.00    0.00   93.00
08:14:17 PM  all    1.02    0.00    4.08    0.00    0.00    0.00    0.00    0.00    0.00   94.90
08:14:18 PM  all    1.01    0.00    5.05    0.00    0.00    0.00    0.00    0.00    0.00   93.94
08:14:19 PM  all    1.01    0.00    4.04    0.00    0.00    1.01    0.00    0.00    0.00   93.94
08:14:20 PM  all    1.02    0.00    5.10    0.00    0.00    0.00    0.00    0.00    0.00   93.88
08:14:21 PM  all   19.19    0.00    5.05    0.00    0.00    0.00    0.00    0.00    0.00   75.76
08:14:22 PM  all   96.00    0.00    3.00    0.00    0.00    1.00    0.00    0.00    0.00    0.00
08:14:23 PM  all   97.00    0.00    2.00    0.00    0.00    1.00    0.00    0.00    0.00    0.00
08:14:24 PM  all   95.05    0.00    2.97    0.00    0.00    0.99    0.00    0.00    0.00    0.99
08:14:25 PM  all   92.93    0.00    2.02    0.00    0.00    0.00    0.00    0.00    0.00    5.05
08:14:26 PM  all   83.00    0.00    3.00    0.00    0.00    1.00    0.00    0.00    0.00   13.00
08:14:27 PM  all   96.97    0.00    3.03    0.00    0.00    0.00    0.00    0.00    0.00    0.00
08:14:28 PM  all   98.00    0.00    2.00    0.00    0.00    0.00    0.00    0.00    0.00    0.00
08:14:29 PM  all   96.00    0.00    3.00    0.00    0.00    1.00    0.00    0.00    0.00    0.00
08:14:30 PM  all   96.00    0.00    3.00    0.00    0.00    1.00    0.00    0.00    0.00    0.00
08:14:31 PM  all   96.04    0.00    2.97    0.00    0.00    0.99    0.00    0.00    0.00    0.00
08:14:32 PM  all   96.00    0.00    3.00    0.00    0.00    1.00    0.00    0.00    0.00    0.00
08:14:33 PM  all   97.98    0.00    2.02    0.00    0.00    0.00    0.00    0.00    0.00    0.00
08:14:34 PM  all   98.00    0.00    2.00    0.00    0.00    0.00    0.00    0.00    0.00    0.00
08:14:35 PM  all   95.10    0.98    2.94    0.00    0.00    0.98    0.00    0.00    0.00    0.00
08:14:36 PM  all   96.97    0.00    3.03    0.00    0.00    0.00    0.00    0.00    0.00    0.00
08:14:37 PM  all   97.00    0.00    3.00    0.00    0.00    0.00    0.00    0.00    0.00    0.00
08:14:38 PM  all   96.04    0.00    2.97    0.00    0.00    0.99    0.00    0.00    0.00    0.00
08:14:39 PM  all   97.98    0.00    2.02    0.00    0.00    0.00    0.00    0.00    0.00    0.00
08:14:40 PM  all   96.04    0.00    2.97    0.00    0.00    0.99    0.00    0.00    0.00    0.00
08:14:41 PM  all   97.98    0.00    2.02    0.00    0.00    0.00    0.00    0.00    0.00    0.00
08:14:42 PM  all   97.03    0.00    1.98    0.00    0.00    0.99    0.00    0.00    0.00    0.00
08:14:43 PM  all   98.00    0.00    2.00    0.00    0.00    0.00    0.00    0.00    0.00    0.00
08:14:44 PM  all   98.99    0.00    1.01    0.00    0.00    0.00    0.00    0.00    0.00    0.00
08:14:45 PM  all   96.04    0.00    2.97    0.00    0.00    0.99    0.00    0.00    0.00    0.00
08:14:46 PM  all   97.98    0.00    2.02    0.00    0.00    0.00    0.00    0.00    0.00    0.00
08:14:47 PM  all   98.00    0.00    1.00    0.00    0.00    1.00    0.00    0.00    0.00    0.00
08:14:48 PM  all   98.00    0.00    2.00    0.00    0.00    0.00    0.00    0.00    0.00    0.00
08:14:49 PM  all   97.00    0.00    2.00    0.00    0.00    1.00    0.00    0.00    0.00    0.00
08:14:50 PM  all   96.04    0.00    2.97    0.00    0.00    0.99    0.00    0.00    0.00    0.00
08:14:51 PM  all   97.00    0.00    2.00    0.00    0.00    1.00    0.00    0.00    0.00    0.00
08:14:52 PM  all   96.97    0.00    3.03    0.00    0.00    0.00    0.00    0.00    0.00    0.00
08:14:53 PM  all   97.00    0.00    3.00    0.00    0.00    0.00    0.00    0.00    0.00    0.00
08:14:54 PM  all   96.04    0.00    2.97    0.00    0.00    0.99    0.00    0.00    0.00    0.00
08:14:55 PM  all   97.00    0.00    3.00    0.00    0.00    0.00    0.00    0.00    0.00    0.00
08:14:56 PM  all   97.98    0.00    2.02    0.00    0.00    0.00    0.00    0.00    0.00    0.00
08:14:57 PM  all   96.00    0.00    3.00    0.00    0.00    1.00    0.00    0.00    0.00    0.00
08:14:58 PM  all   97.00    0.00    3.00    0.00    0.00    0.00    0.00    0.00    0.00    0.00
08:14:59 PM  all   97.00    0.00    2.00    0.00    0.00    1.00    0.00    0.00    0.00    0.00
08:15:00 PM  all   95.05    0.00    3.96    0.00    0.00    0.99    0.00    0.00    0.00    0.00
08:15:01 PM  all   96.00    0.00    3.00    0.00    0.00    1.00    0.00    0.00    0.00    0.00
08:15:02 PM  all   97.98    0.00    2.02    0.00    0.00    0.00    0.00    0.00    0.00    0.00
08:15:03 PM  all   97.00    0.00    2.00    0.00    0.00    1.00    0.00    0.00    0.00    0.00
08:15:04 PM  all   96.04    0.00    2.97    0.00    0.00    0.99    0.00    0.00    0.00    0.00
08:15:05 PM  all   98.99    0.00    1.01    0.00    0.00    0.00    0.00    0.00    0.00    0.00
08:15:06 PM  all   96.04    0.00    2.97    0.00    0.00    0.99    0.00    0.00    0.00    0.00
08:15:07 PM  all   97.00    0.00    2.00    0.00    0.00    1.00    0.00    0.00    0.00    0.00
08:15:08 PM  all   96.00    0.00    3.00    0.00    0.00    1.00    0.00    0.00    0.00    0.00
08:15:09 PM  all   97.00    0.00    2.00    0.00    0.00    1.00    0.00    0.00    0.00    0.00
08:15:10 PM  all   96.97    0.00    3.03    0.00    0.00    0.00    0.00    0.00    0.00    0.00
08:15:11 PM  all   97.00    0.00    3.00    0.00    0.00    0.00    0.00    0.00    0.00    0.00
08:15:12 PM  all   97.00    0.00    2.00    0.00    0.00    1.00    0.00    0.00    0.00    0.00
08:15:13 PM  all   97.00    0.00    3.00    0.00    0.00    0.00    0.00    0.00    0.00    0.00
08:15:14 PM  all   98.00    0.00    2.00    0.00    0.00    0.00    0.00    0.00    0.00    0.00
08:15:15 PM  all   96.00    0.00    3.00    0.00    0.00    1.00    0.00    0.00    0.00    0.00
08:15:16 PM  all   97.00    0.00    2.00    0.00    0.00    1.00    0.00    0.00    0.00    0.00
08:15:17 PM  all   98.00    0.00    2.00    0.00    0.00    0.00    0.00    0.00    0.00    0.00
08:15:18 PM  all   97.00    0.00    2.00    0.00    0.00    1.00    0.00    0.00    0.00    0.00
08:15:19 PM  all   97.03    0.00    1.98    0.00    0.00    0.99    0.00    0.00    0.00    0.00
08:15:20 PM  all   97.00    0.00    3.00    0.00    0.00    0.00    0.00    0.00    0.00    0.00
08:15:21 PM  all   97.03    0.00    1.98    0.00    0.00    0.99    0.00    0.00    0.00    0.00
08:15:22 PM  all   96.97    0.00    3.03    0.00    0.00    0.00    0.00    0.00    0.00    0.00
08:15:23 PM  all   97.00    0.00    2.00    0.00    0.00    1.00    0.00    0.00    0.00    0.00
08:15:24 PM  all   96.00    0.00    3.00    0.00    0.00    1.00    0.00    0.00    0.00    0.00
08:15:25 PM  all   97.98    0.00    2.02    0.00    0.00    0.00    0.00    0.00    0.00    0.00
08:15:26 PM  all   96.04    0.00    2.97    0.00    0.00    0.99    0.00    0.00    0.00    0.00
08:15:27 PM  all   97.00    0.00    3.00    0.00    0.00    0.00    0.00    0.00    0.00    0.00
08:15:28 PM  all   97.00    0.00    3.00    0.00    0.00    0.00    0.00    0.00    0.00    0.00
08:15:29 PM  all   97.00    0.00    2.00    0.00    0.00    1.00    0.00    0.00    0.00    0.00
08:15:30 PM  all   96.97    0.00    3.03    0.00    0.00    0.00    0.00    0.00    0.00    0.00
08:15:31 PM  all   96.08    0.00    2.94    0.00    0.00    0.98    0.00    0.00    0.00    0.00
08:15:32 PM  all   96.97    0.00    3.03    0.00    0.00    0.00    0.00    0.00    0.00    0.00
08:15:33 PM  all   96.97    0.00    2.02    0.00    0.00    1.01    0.00    0.00    0.00    0.00
08:15:34 PM  all   96.04    0.00    2.97    0.00    0.00    0.99    0.00    0.00    0.00    0.00
08:15:35 PM  all   96.97    0.00    3.03    0.00    0.00    0.00    0.00    0.00    0.00    0.00
08:15:36 PM  all   96.04    0.00    2.97    0.00    0.00    0.99    0.00    0.00    0.00    0.00
08:15:37 PM  all   97.00    0.00    2.00    0.00    0.00    1.00    0.00    0.00    0.00    0.00
08:15:38 PM  all   97.98    0.00    2.02    0.00    0.00    0.00    0.00    0.00    0.00    0.00
08:15:39 PM  all   96.04    0.00    2.97    0.00    0.00    0.99    0.00    0.00    0.00    0.00
08:15:40 PM  all   97.98    0.00    2.02    0.00    0.00    0.00    0.00    0.00    0.00    0.00
08:15:41 PM  all   96.00    0.00    3.00    0.00    0.00    1.00    0.00    0.00    0.00    0.00
08:15:42 PM  all   96.04    0.00    2.97    0.00    0.00    0.99    0.00    0.00    0.00    0.00
08:15:43 PM  all   96.97    0.00    3.03    0.00    0.00    0.00    0.00    0.00    0.00    0.00
08:15:44 PM  all   98.02    0.00    0.99    0.00    0.00    0.99    0.00    0.00    0.00    0.00
08:15:45 PM  all   96.97    0.00    3.03    0.00    0.00    0.00    0.00    0.00    0.00    0.00
08:15:46 PM  all   96.04    0.00    2.97    0.00    0.00    0.99    0.00    0.00    0.00    0.00
08:15:47 PM  all   98.00    0.00    2.00    0.00    0.00    0.00    0.00    0.00    0.00    0.00
08:15:48 PM  all   97.00    0.00    2.00    0.00    0.00    1.00    0.00    0.00    0.00    0.00
08:15:49 PM  all   97.00    0.00    3.00    0.00    0.00    0.00    0.00    0.00    0.00    0.00
08:15:50 PM  all   96.97    0.00    2.02    0.00    0.00    1.01    0.00    0.00    0.00    0.00
08:15:51 PM  all   97.00    0.00    3.00    0.00    0.00    0.00    0.00    0.00    0.00    0.00
08:15:52 PM  all   96.04    0.00    2.97    0.00    0.00    0.99    0.00    0.00    0.00    0.00
08:15:53 PM  all   97.98    0.00    2.02    0.00    0.00    0.00    0.00    0.00    0.00    0.00
08:15:54 PM  all   97.03    0.00    1.98    0.00    0.00    0.99    0.00    0.00    0.00    0.00
08:15:55 PM  all   97.00    0.00    3.00    0.00    0.00    0.00    0.00    0.00    0.00    0.00
08:15:56 PM  all   97.00    0.00    2.00    0.00    0.00    1.00    0.00    0.00    0.00    0.00
08:15:57 PM  all   97.00    0.00    2.00    0.00    0.00    1.00    0.00    0.00    0.00    0.00
08:15:58 PM  all   97.98    0.00    2.02    0.00    0.00    0.00    0.00    0.00    0.00    0.00
08:15:59 PM  all   97.03    0.00    1.98    0.00    0.00    0.99    0.00    0.00    0.00    0.00
08:16:00 PM  all   98.00    0.00    2.00    0.00    0.00    0.00    0.00    0.00    0.00    0.00
08:16:01 PM  all   97.98    0.00    2.02    0.00    0.00    0.00    0.00    0.00    0.00    0.00
08:16:02 PM  all   97.00    0.00    2.00    0.00    0.00    1.00    0.00    0.00    0.00    0.00
08:16:03 PM  all   96.04    0.00    2.97    0.00    0.00    0.99    0.00    0.00    0.00    0.00
08:16:04 PM  all   98.00    0.00    2.00    0.00    0.00    0.00    0.00    0.00    0.00    0.00
08:16:05 PM  all   98.00    0.00    1.00    0.00    0.00    1.00    0.00    0.00    0.00    0.00
08:16:06 PM  all   97.98    0.00    2.02    0.00    0.00    0.00    0.00    0.00    0.00    0.00
08:16:07 PM  all   97.03    0.00    1.98    0.00    0.00    0.99    0.00    0.00    0.00    0.00
08:16:08 PM  all   97.00    0.00    3.00    0.00    0.00    0.00    0.00    0.00    0.00    0.00
08:16:09 PM  all   98.99    0.00    1.01    0.00    0.00    0.00    0.00    0.00    0.00    0.00
08:16:10 PM  all   97.03    0.00    2.97    0.00    0.00    0.00    0.00    0.00    0.00    0.00
08:16:11 PM  all   98.99    0.00    1.01    0.00    0.00    0.00    0.00    0.00    0.00    0.00
08:16:12 PM  all   96.04    0.00    2.97    0.00    0.00    0.99    0.00    0.00    0.00    0.00
08:16:13 PM  all   97.98    0.00    2.02    0.00    0.00    0.00    0.00    0.00    0.00    0.00
08:16:14 PM  all   97.00    0.00    3.00    0.00    0.00    0.00    0.00    0.00    0.00    0.00
08:16:15 PM  all   98.00    0.00    2.00    0.00    0.00    0.00    0.00    0.00    0.00    0.00
08:16:16 PM  all   96.04    0.00    2.97    0.00    0.00    0.99    0.00    0.00    0.00    0.00
08:16:17 PM  all   98.99    0.00    1.01    0.00    0.00    0.00    0.00    0.00    0.00    0.00
08:16:18 PM  all   97.03    0.00    1.98    0.00    0.00    0.99    0.00    0.00    0.00    0.00
08:16:19 PM  all   97.00    0.00    3.00    0.00    0.00    0.00    0.00    0.00    0.00    0.00
08:16:20 PM  all   97.00    0.00    2.00    0.00    0.00    1.00    0.00    0.00    0.00    0.00
08:16:21 PM  all   97.00    0.00    3.00    0.00    0.00    0.00    0.00    0.00    0.00    0.00
08:16:22 PM  all   98.99    0.00    1.01    0.00    0.00    0.00    0.00    0.00    0.00    0.00
08:16:23 PM  all   97.03    0.00    1.98    0.00    0.00    0.99    0.00    0.00    0.00    0.00
08:16:24 PM  all   97.98    0.00    2.02    0.00    0.00    0.00    0.00    0.00    0.00    0.00
08:16:25 PM  all   98.00    0.00    2.00    0.00    0.00    0.00    0.00    0.00    0.00    0.00
08:16:26 PM  all   96.00    0.00    3.00    0.00    0.00    1.00    0.00    0.00    0.00    0.00
08:16:27 PM  all   98.00    0.00    2.00    0.00    0.00    0.00    0.00    0.00    0.00    0.00
08:16:28 PM  all   96.04    0.00    2.97    0.00    0.00    0.99    0.00    0.00    0.00    0.00
08:16:29 PM  all   97.98    0.00    1.01    0.00    0.00    1.01    0.00    0.00    0.00    0.00
08:16:30 PM  all   96.00    0.00    3.00    0.00    0.00    1.00    0.00    0.00    0.00    0.00
08:16:31 PM  all   98.00    0.00    2.00    0.00    0.00    0.00    0.00    0.00    0.00    0.00
08:16:32 PM  all   97.00    0.00    3.00    0.00    0.00    0.00    0.00    0.00    0.00    0.00
08:16:33 PM  all   98.00    0.00    1.00    0.00    0.00    1.00    0.00    0.00    0.00    0.00
08:16:34 PM  all   97.00    0.00    2.00    0.00    0.00    1.00    0.00    0.00    0.00    0.00
08:16:35 PM  all   97.03    0.00    2.97    0.00    0.00    0.00    0.00    0.00    0.00    0.00
08:16:36 PM  all   97.98    0.00    2.02    0.00    0.00    0.00    0.00    0.00    0.00    0.00
08:16:37 PM  all   98.00    0.00    2.00    0.00    0.00    0.00    0.00    0.00    0.00    0.00
08:16:38 PM  all   96.04    0.00    2.97    0.00    0.00    0.99    0.00    0.00    0.00    0.00
08:16:39 PM  all   97.98    0.00    2.02    0.00    0.00    0.00    0.00    0.00    0.00    0.00
08:16:40 PM  all   98.00    0.00    2.00    0.00    0.00    0.00    0.00    0.00    0.00    0.00
08:16:41 PM  all   97.00    0.00    2.00    0.00    0.00    1.00    0.00    0.00    0.00    0.00
08:16:42 PM  all   97.03    0.00    1.98    0.00    0.00    0.99    0.00    0.00    0.00    0.00
08:16:43 PM  all   98.00    0.00    2.00    0.00    0.00    0.00    0.00    0.00    0.00    0.00
08:16:44 PM  all   97.98    0.00    2.02    0.00    0.00    0.00    0.00    0.00    0.00    0.00
08:16:45 PM  all   97.03    0.00    1.98    0.00    0.00    0.99    0.00    0.00    0.00    0.00
08:16:46 PM  all   97.98    0.00    2.02    0.00    0.00    0.00    0.00    0.00    0.00    0.00
08:16:47 PM  all   97.98    0.00    2.02    0.00    0.00    0.00    0.00    0.00    0.00    0.00
08:16:48 PM  all   95.05    0.00    3.96    0.00    0.00    0.99    0.00    0.00    0.00    0.00
08:16:49 PM  all   97.03    0.00    1.98    0.00    0.00    0.99    0.00    0.00    0.00    0.00
08:16:50 PM  all   97.98    0.00    2.02    0.00    0.00    0.00    0.00    0.00    0.00    0.00
08:16:51 PM  all   98.00    0.00    2.00    0.00    0.00    0.00    0.00    0.00    0.00    0.00
08:16:52 PM  all   96.04    0.00    2.97    0.00    0.00    0.99    0.00    0.00    0.00    0.00
08:16:53 PM  all   98.00    0.00    2.00    0.00    0.00    0.00    0.00    0.00    0.00    0.00
08:16:54 PM  all   97.00    0.00    2.00    0.00    0.00    1.00    0.00    0.00    0.00    0.00
08:16:55 PM  all   98.00    0.00    2.00    0.00    0.00    0.00    0.00    0.00    0.00    0.00
08:16:56 PM  all   97.98    0.00    2.02    0.00    0.00    0.00    0.00    0.00    0.00    0.00
08:16:57 PM  all   98.00    0.00    1.00    0.00    0.00    1.00    0.00    0.00    0.00    0.00
08:16:58 PM  all   97.00    0.00    3.00    0.00    0.00    0.00    0.00    0.00    0.00    0.00
08:16:59 PM  all   97.03    0.00    1.98    0.00    0.00    0.99    0.00    0.00    0.00    0.00
08:17:00 PM  all   97.98    0.00    2.02    0.00    0.00    0.00    0.00    0.00    0.00    0.00
08:17:01 PM  all   98.00    0.00    1.00    0.00    0.00    1.00    0.00    0.00    0.00    0.00
08:17:02 PM  all   97.00    0.00    3.00    0.00    0.00    0.00    0.00    0.00    0.00    0.00
08:17:03 PM  all   96.04    0.00    2.97    0.00    0.00    0.99    0.00    0.00    0.00    0.00
08:17:04 PM  all   96.97    0.00    2.02    0.00    0.00    1.01    0.00    0.00    0.00    0.00
08:17:05 PM  all   98.00    0.00    2.00    0.00    0.00    0.00    0.00    0.00    0.00    0.00
08:17:06 PM  all   97.03    0.00    1.98    0.00    0.00    0.99    0.00    0.00    0.00    0.00
08:17:07 PM  all   97.98    0.00    2.02    0.00    0.00    0.00    0.00    0.00    0.00    0.00
08:17:08 PM  all   97.00    0.00    2.00    0.00    0.00    1.00    0.00    0.00    0.00    0.00
08:17:09 PM  all   97.03    0.00    2.97    0.00    0.00    0.00    0.00    0.00    0.00    0.00
08:17:10 PM  all   97.98    0.00    2.02    0.00    0.00    0.00    0.00    0.00    0.00    0.00
08:17:11 PM  all   96.00    0.00    3.00    0.00    0.00    1.00    0.00    0.00    0.00    0.00
08:17:12 PM  all   97.00    0.00    2.00    0.00    0.00    1.00    0.00    0.00    0.00    0.00
08:17:13 PM  all   98.00    0.00    2.00    0.00    0.00    0.00    0.00    0.00    0.00    0.00
08:17:14 PM  all   96.04    0.00    2.97    0.00    0.00    0.99    0.00    0.00    0.00    0.00
08:17:15 PM  all   97.98    0.00    2.02    0.00    0.00    0.00    0.00    0.00    0.00    0.00
08:17:16 PM  all   97.00    0.00    3.00    0.00    0.00    0.00    0.00    0.00    0.00    0.00
08:17:17 PM  all   96.00    0.00    3.00    0.00    0.00    1.00    0.00    0.00    0.00    0.00
08:17:18 PM  all   98.00    0.00    2.00    0.00    0.00    0.00    0.00    0.00    0.00    0.00
08:17:19 PM  all   97.00    0.00    2.00    0.00    0.00    1.00    0.00    0.00    0.00    0.00
08:17:20 PM  all   97.00    0.00    3.00    0.00    0.00    0.00    0.00    0.00    0.00    0.00
08:17:21 PM  all   96.04    0.00    2.97    0.00    0.00    0.99    0.00    0.00    0.00    0.00
08:17:22 PM  all   98.99    0.00    1.01    0.00    0.00    0.00    0.00    0.00    0.00    0.00
08:17:23 PM  all   98.00    0.00    2.00    0.00    0.00    0.00    0.00    0.00    0.00    0.00
08:17:24 PM  all   44.00    0.00    3.00    0.00    0.00    1.00    0.00    0.00    0.00   52.00
08:17:25 PM  all    2.02    0.00    4.04    0.00    0.00    0.00    0.00    0.00    0.00   93.94
08:17:26 PM  all    2.04    0.00    7.14    2.04    0.00    0.00    0.00    0.00    0.00   88.78
08:17:27 PM  all    2.00    1.00    5.00    0.00    0.00    0.00    0.00    0.00    0.00   92.00
08:17:28 PM  all    0.00    0.00    7.07    0.00    0.00    0.00    0.00    0.00    0.00   92.93
08:17:29 PM  all    1.01    0.00    5.05    0.00    0.00    0.00    0.00    0.00    0.00   93.94
08:17:30 PM  all    1.01    0.00    6.06    0.00    0.00    0.00    0.00    0.00    0.00   92.93
08:17:31 PM  all    1.02    0.00    4.08    0.00    0.00    0.00    0.00    0.00    0.00   94.90
08:17:32 PM  all    0.00    0.00    5.05    0.00    0.00    0.00    0.00    0.00    0.00   94.95
08:17:33 PM  all    1.01    0.00    4.04    0.00    0.00    0.00    0.00    0.00    0.00   94.95
08:17:34 PM  all    2.02    0.00    3.03    0.00    0.00    0.00    0.00    0.00    0.00   94.95
08:17:35 PM  all    0.00    0.00    6.00    0.00    0.00    0.00    0.00    0.00    0.00   94.00
08:17:36 PM  all    2.02    0.00    6.06    3.03    0.00    0.00    0.00    0.00    0.00   88.89
08:17:37 PM  all    2.02    0.00    6.06    0.00    0.00    1.01    0.00    0.00    0.00   90.91
08:17:38 PM  all    1.01    0.00    5.05    0.00    0.00    0.00    0.00    0.00    0.00   93.94
08:17:39 PM  all    1.01    0.00    5.05    0.00    0.00    0.00    0.00    0.00    0.00   93.94
08:17:40 PM  all    1.00    1.00    5.00    0.00    0.00    0.00    0.00    0.00    0.00   93.00
08:17:41 PM  all    1.01    0.00    5.05    2.02    0.00    0.00    0.00    0.00    0.00   91.92
08:17:42 PM  all    1.01    0.00    5.05    0.00    0.00    0.00    0.00    0.00    0.00   93.94
08:17:43 PM  all    1.00    0.00    6.00    0.00    0.00    0.00    0.00    0.00    0.00   93.00
08:17:44 PM  all    1.02    0.00    5.10    0.00    0.00    0.00    0.00    0.00    0.00   93.88
08:17:45 PM  all    0.00    0.00    4.04    0.00    0.00    0.00    0.00    0.00    0.00   95.96
08:17:46 PM  all    2.02    0.00    4.04    0.00    0.00    0.00    0.00    0.00    0.00   93.94
08:17:47 PM  all    1.01    0.00    4.04    0.00    0.00    0.00    0.00    0.00    0.00   94.95
08:17:48 PM  all    1.00    0.00    6.00    0.00    0.00    0.00    0.00    0.00    0.00   93.00
08:17:49 PM  all    1.01    0.00    5.05    0.00    0.00    0.00    0.00    0.00    0.00   93.94
08:17:50 PM  all    0.00    0.00    5.10    0.00    0.00    0.00    0.00    0.00    0.00   94.90
08:17:51 PM  all    1.01    0.00    4.04    0.00    0.00    0.00    0.00    0.00    0.00   94.95
08:17:52 PM  all   16.00    0.00    6.00    2.00    0.00    0.00    0.00    0.00    0.00   76.00
08:17:53 PM  all   97.00    0.00    2.00    0.00    0.00    1.00    0.00    0.00    0.00    0.00
08:17:54 PM  all   96.04    0.00    2.97    0.00    0.00    0.99    0.00    0.00    0.00    0.00
08:17:55 PM  all   97.98    0.00    2.02    0.00    0.00    0.00    0.00    0.00    0.00    0.00
08:17:56 PM  all   96.00    0.00    4.00    0.00    0.00    0.00    0.00    0.00    0.00    0.00
08:17:57 PM  all   96.04    0.00    2.97    0.00    0.00    0.99    0.00    0.00    0.00    0.00
08:17:58 PM  all   97.98    0.00    2.02    0.00    0.00    0.00    0.00    0.00    0.00    0.00
08:17:59 PM  all   97.03    0.00    1.98    0.00    0.00    0.99    0.00    0.00    0.00    0.00
08:18:00 PM  all   96.97    0.00    3.03    0.00    0.00    0.00    0.00    0.00    0.00    0.00
08:18:01 PM  all   96.04    0.00    2.97    0.00    0.00    0.99    0.00    0.00    0.00    0.00
08:18:02 PM  all   96.97    0.00    3.03    0.00    0.00    0.00    0.00    0.00    0.00    0.00
08:18:03 PM  all   97.00    0.00    2.00    0.00    0.00    1.00    0.00    0.00    0.00    0.00
08:18:04 PM  all   97.00    0.00    2.00    0.00    0.00    1.00    0.00    0.00    0.00    0.00
08:18:05 PM  all   97.00    0.00    3.00    0.00    0.00    0.00    0.00    0.00    0.00    0.00
08:18:06 PM  all   97.03    0.00    1.98    0.00    0.00    0.99    0.00    0.00    0.00    0.00
08:18:07 PM  all   97.98    0.00    2.02    0.00    0.00    0.00    0.00    0.00    0.00    0.00
08:18:08 PM  all   97.00    0.00    3.00    0.00    0.00    0.00    0.00    0.00    0.00    0.00
08:18:09 PM  all   96.04    0.00    2.97    0.00    0.00    0.99    0.00    0.00    0.00    0.00
08:18:10 PM  all   96.97    0.00    3.03    0.00    0.00    0.00    0.00    0.00    0.00    0.00
08:18:11 PM  all   96.04    0.00    2.97    0.00    0.00    0.99    0.00    0.00    0.00    0.00
08:18:12 PM  all   97.00    0.00    2.00    0.00    0.00    1.00    0.00    0.00    0.00    0.00
08:18:13 PM  all   97.98    0.00    2.02    0.00    0.00    0.00    0.00    0.00    0.00    0.00
08:18:14 PM  all   97.00    0.00    2.00    0.00    0.00    1.00    0.00    0.00    0.00    0.00
08:18:15 PM  all   96.04    0.00    2.97    0.00    0.00    0.99    0.00    0.00    0.00    0.00
08:18:16 PM  all   98.00    0.00    2.00    0.00    0.00    0.00    0.00    0.00    0.00    0.00
08:18:17 PM  all   97.00    0.00    2.00    0.00    0.00    1.00    0.00    0.00    0.00    0.00
08:18:18 PM  all   96.97    0.00    3.03    0.00    0.00    0.00    0.00    0.00    0.00    0.00
08:18:19 PM  all   96.04    0.00    2.97    0.00    0.00    0.99    0.00    0.00    0.00    0.00
08:18:20 PM  all   97.98    0.00    2.02    0.00    0.00    0.00    0.00    0.00    0.00    0.00
08:18:21 PM  all   96.04    0.00    2.97    0.00    0.00    0.99    0.00    0.00    0.00    0.00
08:18:22 PM  all   97.98    0.00    2.02    0.00    0.00    0.00    0.00    0.00    0.00    0.00
08:18:23 PM  all   96.97    0.00    2.02    0.00    0.00    1.01    0.00    0.00    0.00    0.00
08:18:24 PM  all   95.05    0.00    3.96    0.00    0.00    0.99    0.00    0.00    0.00    0.00
08:18:25 PM  all   97.00    0.00    2.00    0.00    0.00    1.00    0.00    0.00    0.00    0.00
08:18:26 PM  all   96.00    0.00    4.00    0.00    0.00    0.00    0.00    0.00    0.00    0.00
08:18:27 PM  all   96.00    0.00    4.00    0.00    0.00    0.00    0.00    0.00    0.00    0.00
08:18:28 PM  all   96.04    0.00    2.97    0.00    0.00    0.99    0.00    0.00    0.00    0.00
08:18:29 PM  all   97.98    0.00    2.02    0.00    0.00    0.00    0.00    0.00    0.00    0.00
08:18:30 PM  all   96.04    0.00    2.97    0.00    0.00    0.99    0.00    0.00    0.00    0.00
08:18:31 PM  all   95.96    0.00    4.04    0.00    0.00    0.00    0.00    0.00    0.00    0.00
08:18:32 PM  all   97.00    0.00    2.00    0.00    0.00    1.00    0.00    0.00    0.00    0.00
08:18:33 PM  all   97.03    0.00    1.98    0.00    0.00    0.99    0.00    0.00    0.00    0.00
08:18:34 PM  all   96.97    0.00    3.03    0.00    0.00    0.00    0.00    0.00    0.00    0.00
08:18:35 PM  all   96.04    0.00    2.97    0.00    0.00    0.99    0.00    0.00    0.00    0.00
08:18:36 PM  all   96.00    0.00    3.00    0.00    0.00    1.00    0.00    0.00    0.00    0.00
08:18:37 PM  all   96.97    0.00    2.02    0.00    0.00    1.01    0.00    0.00    0.00    0.00
08:18:38 PM  all   97.00    0.00    2.00    0.00    0.00    1.00    0.00    0.00    0.00    0.00
08:18:39 PM  all   97.00    0.00    3.00    0.00    0.00    0.00    0.00    0.00    0.00    0.00
08:18:40 PM  all   97.03    0.00    1.98    0.00    0.00    0.99    0.00    0.00    0.00    0.00
08:18:41 PM  all   96.97    0.00    2.02    0.00    0.00    1.01    0.00    0.00    0.00    0.00
08:18:42 PM  all   98.00    0.00    2.00    0.00    0.00    0.00    0.00    0.00    0.00    0.00
08:18:43 PM  all   97.00    0.00    2.00    0.00    0.00    1.00    0.00    0.00    0.00    0.00
08:18:44 PM  all   96.00    0.00    3.00    0.00    0.00    1.00    0.00    0.00    0.00    0.00
08:18:45 PM  all   96.04    0.00    2.97    0.00    0.00    0.99    0.00    0.00    0.00    0.00
08:18:46 PM  all   96.97    0.00    3.03    0.00    0.00    0.00    0.00    0.00    0.00    0.00
08:18:47 PM  all   96.04    0.00    2.97    0.00    0.00    0.99    0.00    0.00    0.00    0.00
08:18:48 PM  all   96.97    0.00    2.02    0.00    0.00    1.01    0.00    0.00    0.00    0.00
08:18:49 PM  all   97.03    0.00    1.98    0.00    0.00    0.99    0.00    0.00    0.00    0.00
08:18:50 PM  all   97.98    0.00    2.02    0.00    0.00    0.00    0.00    0.00    0.00    0.00
08:18:51 PM  all   96.00    0.00    3.00    0.00    0.00    1.00    0.00    0.00    0.00    0.00
08:18:52 PM  all   97.03    0.00    2.97    0.00    0.00    0.00    0.00    0.00    0.00    0.00
08:18:53 PM  all   96.97    0.00    2.02    0.00    0.00    1.01    0.00    0.00    0.00    0.00
08:18:54 PM  all   97.00    0.00    3.00    0.00    0.00    0.00    0.00    0.00    0.00    0.00
08:18:55 PM  all   98.00    0.00    2.00    0.00    0.00    0.00    0.00    0.00    0.00    0.00
08:18:56 PM  all   96.04    0.00    2.97    0.00    0.00    0.99    0.00    0.00    0.00    0.00
08:18:57 PM  all   97.98    0.00    2.02    0.00    0.00    0.00    0.00    0.00    0.00    0.00
08:18:58 PM  all   96.04    0.00    2.97    0.00    0.00    0.99    0.00    0.00    0.00    0.00
08:18:59 PM  all   97.98    0.00    2.02    0.00    0.00    0.00    0.00    0.00    0.00    0.00
08:19:00 PM  all   97.03    0.00    1.98    0.00    0.00    0.99    0.00    0.00    0.00    0.00
08:19:01 PM  all   98.00    0.00    2.00    0.00    0.00    0.00    0.00    0.00    0.00    0.00
08:19:02 PM  all   97.00    0.00    2.00    0.00    0.00    1.00    0.00    0.00    0.00    0.00
08:19:03 PM  all   97.98    0.00    2.02    0.00    0.00    0.00    0.00    0.00    0.00    0.00
08:19:04 PM  all   97.00    0.00    2.00    0.00    0.00    1.00    0.00    0.00    0.00    0.00
08:19:05 PM  all   97.00    0.00    2.00    0.00    0.00    1.00    0.00    0.00    0.00    0.00
08:19:06 PM  all   99.00    0.00    1.00    0.00    0.00    0.00    0.00    0.00    0.00    0.00
08:19:07 PM  all   96.04    0.00    2.97    0.00    0.00    0.99    0.00    0.00    0.00    0.00
08:19:08 PM  all   97.98    0.00    2.02    0.00    0.00    0.00    0.00    0.00    0.00    0.00
08:19:09 PM  all   97.00    0.00    2.00    0.00    0.00    1.00    0.00    0.00    0.00    0.00
08:19:10 PM  all   98.00    0.00    2.00    0.00    0.00    0.00    0.00    0.00    0.00    0.00
08:19:11 PM  all   97.03    0.00    1.98    0.00    0.00    0.99    0.00    0.00    0.00    0.00
08:19:12 PM  all   97.98    0.00    2.02    0.00    0.00    0.00    0.00    0.00    0.00    0.00
08:19:13 PM  all   97.03    0.00    1.98    0.00    0.00    0.99    0.00    0.00    0.00    0.00
08:19:14 PM  all   96.97    0.00    3.03    0.00    0.00    0.00    0.00    0.00    0.00    0.00
08:19:15 PM  all   96.04    0.00    2.97    0.00    0.00    0.99    0.00    0.00    0.00    0.00
08:19:16 PM  all   97.98    0.00    2.02    0.00    0.00    0.00    0.00    0.00    0.00    0.00
08:19:17 PM  all   98.00    0.00    2.00    0.00    0.00    0.00    0.00    0.00    0.00    0.00
08:19:18 PM  all   96.00    0.00    3.00    0.00    0.00    1.00    0.00    0.00    0.00    0.00
08:19:19 PM  all   97.03    0.00    1.98    0.00    0.00    0.99    0.00    0.00    0.00    0.00
08:19:20 PM  all   96.00    0.00    3.00    0.00    0.00    1.00    0.00    0.00    0.00    0.00
08:19:21 PM  all   97.00    0.00    2.00    0.00    0.00    1.00    0.00    0.00    0.00    0.00
08:19:22 PM  all   96.97    0.00    3.03    0.00    0.00    0.00    0.00    0.00    0.00    0.00
08:19:23 PM  all   98.00    0.00    1.00    0.00    0.00    1.00    0.00    0.00    0.00    0.00
08:19:24 PM  all   97.00    0.00    2.00    0.00    0.00    1.00    0.00    0.00    0.00    0.00
08:19:25 PM  all   96.97    0.00    3.03    0.00    0.00    0.00    0.00    0.00    0.00    0.00
08:19:26 PM  all   96.04    0.00    2.97    0.00    0.00    0.99    0.00    0.00    0.00    0.00
08:19:27 PM  all   96.00    0.00    3.00    0.00    0.00    1.00    0.00    0.00    0.00    0.00
08:19:28 PM  all   97.98    0.00    2.02    0.00    0.00    0.00    0.00    0.00    0.00    0.00
08:19:29 PM  all   96.08    0.00    2.94    0.00    0.00    0.98    0.00    0.00    0.00    0.00
08:19:30 PM  all   97.98    0.00    2.02    0.00    0.00    0.00    0.00    0.00    0.00    0.00
08:19:31 PM  all   97.00    1.00    2.00    0.00    0.00    0.00    0.00    0.00    0.00    0.00
08:19:32 PM  all   96.04    0.00    2.97    0.00    0.00    0.99    0.00    0.00    0.00    0.00
08:19:33 PM  all   96.04    0.00    2.97    0.00    0.00    0.99    0.00    0.00    0.00    0.00
08:19:34 PM  all   96.97    0.00    3.03    0.00    0.00    0.00    0.00    0.00    0.00    0.00
08:19:35 PM  all   97.00    0.00    2.00    0.00    0.00    1.00    0.00    0.00    0.00    0.00
08:19:36 PM  all   97.00    0.00    3.00    0.00    0.00    0.00    0.00    0.00    0.00    0.00
08:19:37 PM  all   97.03    0.00    1.98    0.00    0.00    0.99    0.00    0.00    0.00    0.00
08:19:38 PM  all   97.98    0.00    2.02    0.00    0.00    0.00    0.00    0.00    0.00    0.00
08:19:39 PM  all   97.00    0.00    2.00    0.00    0.00    1.00    0.00    0.00    0.00    0.00
08:19:40 PM  all   98.00    0.00    2.00    0.00    0.00    0.00    0.00    0.00    0.00    0.00
08:19:41 PM  all   97.00    0.00    3.00    0.00    0.00    0.00    0.00    0.00    0.00    0.00
08:19:42 PM  all   97.00    0.00    2.00    0.00    0.00    1.00    0.00    0.00    0.00    0.00
08:19:43 PM  all   97.00    0.00    3.00    0.00    0.00    0.00    0.00    0.00    0.00    0.00
08:19:44 PM  all   97.00    0.00    3.00    0.00    0.00    0.00    0.00    0.00    0.00    0.00
08:19:45 PM  all   97.00    0.00    2.00    0.00    0.00    1.00    0.00    0.00    0.00    0.00
08:19:46 PM  all   97.00    0.00    3.00    0.00    0.00    0.00    0.00    0.00    0.00    0.00
08:19:47 PM  all   96.97    0.00    2.02    0.00    0.00    1.01    0.00    0.00    0.00    0.00
08:19:48 PM  all   96.08    0.00    2.94    0.00    0.00    0.98    0.00    0.00    0.00    0.00
08:19:49 PM  all   98.00    0.00    2.00    0.00    0.00    0.00    0.00    0.00    0.00    0.00
08:19:50 PM  all   97.98    0.00    2.02    0.00    0.00    0.00    0.00    0.00    0.00    0.00
08:19:51 PM  all   96.00    0.00    3.00    0.00    0.00    1.00    0.00    0.00    0.00    0.00
08:19:52 PM  all   97.98    0.00    2.02    0.00    0.00    0.00    0.00    0.00    0.00    0.00
08:19:53 PM  all   96.04    0.00    2.97    0.00    0.00    0.99    0.00    0.00    0.00    0.00
08:19:54 PM  all   97.00    0.00    3.00    0.00    0.00    0.00    0.00    0.00    0.00    0.00
08:19:55 PM  all   96.00    0.00    3.00    0.00    0.00    1.00    0.00    0.00    0.00    0.00
08:19:56 PM  all   97.00    0.00    3.00    0.00    0.00    0.00    0.00    0.00    0.00    0.00
08:19:57 PM  all   97.00    0.00    2.00    0.00    0.00    1.00    0.00    0.00    0.00    0.00
08:19:58 PM  all   96.04    0.00    3.96    0.00    0.00    0.00    0.00    0.00    0.00    0.00
08:19:59 PM  all   96.97    0.00    2.02    0.00    0.00    1.01    0.00    0.00    0.00    0.00
08:20:00 PM  all   97.03    0.00    2.97    0.00    0.00    0.00    0.00    0.00    0.00    0.00
08:20:01 PM  all   97.98    0.00    2.02    0.00    0.00    0.00    0.00    0.00    0.00    0.00
08:20:02 PM  all   97.00    0.00    2.00    0.00    0.00    1.00    0.00    0.00    0.00    0.00
08:20:03 PM  all   96.00    0.00    3.00    0.00    0.00    1.00    0.00    0.00    0.00    0.00
08:20:04 PM  all   97.00    0.00    3.00    0.00    0.00    0.00    0.00    0.00    0.00    0.00
08:20:05 PM  all   97.00    0.00    2.00    0.00    0.00    1.00    0.00    0.00    0.00    0.00
08:20:06 PM  all   97.00    0.00    3.00    0.00    0.00    0.00    0.00    0.00    0.00    0.00
08:20:07 PM  all   97.00    0.00    3.00    0.00    0.00    0.00    0.00    0.00    0.00    0.00
08:20:08 PM  all   97.00    0.00    2.00    0.00    0.00    1.00    0.00    0.00    0.00    0.00
08:20:09 PM  all   98.00    0.00    2.00    0.00    0.00    0.00    0.00    0.00    0.00    0.00
08:20:10 PM  all   97.00    0.00    2.00    0.00    0.00    1.00    0.00    0.00    0.00    0.00
08:20:11 PM  all   98.02    0.00    1.98    0.00    0.00    0.00    0.00    0.00    0.00    0.00
08:20:12 PM  all   97.98    0.00    2.02    0.00    0.00    0.00    0.00    0.00    0.00    0.00
08:20:13 PM  all   97.03    0.00    1.98    0.00    0.00    0.99    0.00    0.00    0.00    0.00
08:20:14 PM  all   97.98    0.00    2.02    0.00    0.00    0.00    0.00    0.00    0.00    0.00
08:20:15 PM  all   96.04    0.00    2.97    0.00    0.00    0.99    0.00    0.00    0.00    0.00
08:20:16 PM  all   97.98    0.00    2.02    0.00    0.00    0.00    0.00    0.00    0.00    0.00
08:20:17 PM  all   97.00    0.00    2.00    0.00    0.00    1.00    0.00    0.00    0.00    0.00
08:20:18 PM  all   96.04    0.00    2.97    0.00    0.00    0.99    0.00    0.00    0.00    0.00
08:20:19 PM  all   97.00    0.00    2.00    0.00    0.00    1.00    0.00    0.00    0.00    0.00
08:20:20 PM  all   97.98    0.00    2.02    0.00    0.00    0.00    0.00    0.00    0.00    0.00
08:20:21 PM  all   97.00    0.00    2.00    0.00    0.00    1.00    0.00    0.00    0.00    0.00
08:20:22 PM  all   98.00    0.00    2.00    0.00    0.00    0.00    0.00    0.00    0.00    0.00
08:20:23 PM  all  100.00    0.00    0.00    0.00    0.00    0.00    0.00    0.00    0.00    0.00
08:20:24 PM  all   98.02    0.00    0.99    0.00    0.00    0.99    0.00    0.00    0.00    0.00
08:20:25 PM  all   98.99    0.00    1.01    0.00    0.00    0.00    0.00    0.00    0.00    0.00
08:20:26 PM  all   97.03    0.00    1.98    0.00    0.00    0.99    0.00    0.00    0.00    0.00
08:20:27 PM  all   97.03    0.00    1.98    0.00    0.00    0.99    0.00    0.00    0.00    0.00
08:20:28 PM  all   98.99    0.00    1.01    0.00    0.00    0.00    0.00    0.00    0.00    0.00
08:20:29 PM  all   98.99    0.00    1.01    0.00    0.00    0.00    0.00    0.00    0.00    0.00
08:20:30 PM  all   98.02    0.00    1.98    0.00    0.00    0.00    0.00    0.00    0.00    0.00
08:20:31 PM  all   98.00    0.00    1.00    0.00    0.00    1.00    0.00    0.00    0.00    0.00
08:20:32 PM  all   98.02    0.00    0.99    0.00    0.00    0.99    0.00    0.00    0.00    0.00
08:20:33 PM  all   99.00    0.00    1.00    0.00    0.00    0.00    0.00    0.00    0.00    0.00
08:20:34 PM  all   98.99    0.00    1.01    0.00    0.00    0.00    0.00    0.00    0.00    0.00
08:20:35 PM  all   99.00    0.00    0.00    0.00    0.00    1.00    0.00    0.00    0.00    0.00
08:20:36 PM  all   98.00    0.00    2.00    0.00    0.00    0.00    0.00    0.00    0.00    0.00
08:20:37 PM  all   98.02    0.00    0.99    0.00    0.00    0.99    0.00    0.00    0.00    0.00
08:20:38 PM  all   98.99    0.00    1.01    0.00    0.00    0.00    0.00    0.00    0.00    0.00
08:20:39 PM  all   98.02    0.00    0.99    0.00    0.00    0.99    0.00    0.00    0.00    0.00
08:20:40 PM  all   98.99    0.00    1.01    0.00    0.00    0.00    0.00    0.00    0.00    0.00
08:20:41 PM  all   97.03    0.00    1.98    0.00    0.00    0.99    0.00    0.00    0.00    0.00
08:20:42 PM  all   98.99    0.00    1.01    0.00    0.00    0.00    0.00    0.00    0.00    0.00
08:20:43 PM  all   97.03    0.00    1.98    0.00    0.00    0.99    0.00    0.00    0.00    0.00
08:20:44 PM  all   98.99    0.00    1.01    0.00    0.00    0.00    0.00    0.00    0.00    0.00
08:20:45 PM  all   97.03    0.00    1.98    0.00    0.00    0.99    0.00    0.00    0.00    0.00
08:20:46 PM  all   98.99    0.00    1.01    0.00    0.00    0.00    0.00    0.00    0.00    0.00
08:20:47 PM  all   98.00    0.00    2.00    0.00    0.00    0.00    0.00    0.00    0.00    0.00
08:20:48 PM  all   98.02    0.00    0.99    0.00    0.00    0.99    0.00    0.00    0.00    0.00
08:20:49 PM  all   98.00    0.00    2.00    0.00    0.00    0.00    0.00    0.00    0.00    0.00
08:20:50 PM  all   98.99    0.00    0.00    0.00    0.00    1.01    0.00    0.00    0.00    0.00
08:20:51 PM  all   97.00    0.00    2.00    0.00    0.00    1.00    0.00    0.00    0.00    0.00
08:20:52 PM  all   99.00    0.00    1.00    0.00    0.00    0.00    0.00    0.00    0.00    0.00
08:20:53 PM  all   98.00    0.00    2.00    0.00    0.00    0.00    0.00    0.00    0.00    0.00
08:20:54 PM  all   99.00    0.00    0.00    0.00    0.00    1.00    0.00    0.00    0.00    0.00
08:20:55 PM  all   52.00    0.00    2.00    0.00    0.00    0.00    0.00    0.00    0.00   46.00
08:20:56 PM  all    1.02    0.00    2.04    0.00    0.00    0.00    0.00    0.00    0.00   96.94
08:20:57 PM  all    1.00    0.00    3.00    0.00    0.00    0.00    0.00    0.00    0.00   96.00
08:20:58 PM  all    2.02    0.00    3.03    0.00    0.00    0.00    0.00    0.00    0.00   94.95
08:20:59 PM  all    1.01    0.00    4.04    0.00    0.00    0.00    0.00    0.00    0.00   94.95
08:21:00 PM  all    2.02    0.00    3.03    0.00    0.00    0.00    0.00    0.00    0.00   94.95
08:21:01 PM  all    1.00    1.00    3.00    0.00    0.00    0.00    0.00    0.00    0.00   95.00
08:21:02 PM  all    0.00    0.00    2.00    2.00    0.00    1.00    0.00    0.00    0.00   95.00
08:21:03 PM  all    1.01    0.00    3.03    0.00    0.00    0.00    0.00    0.00    0.00   95.96
08:21:04 PM  all    1.01    0.00    2.02    0.00    0.00    0.00    0.00    0.00    0.00   96.97
08:21:05 PM  all    0.99    0.00    3.96    0.00    0.00    0.00    0.00    0.00    0.00   95.05
08:21:06 PM  all    1.02    0.00    3.06    0.00    0.00    0.00    0.00    0.00    0.00   95.92
08:21:07 PM  all    0.99    0.00    2.97    2.97    0.00    0.00    0.00    0.00    0.00   93.07
08:21:08 PM  all    0.00    0.00    3.06    0.00    0.00    0.00    0.00    0.00    0.00   96.94
08:21:09 PM  all    3.00    0.00    3.00    0.00    0.00    0.00    0.00    0.00    0.00   94.00
08:21:10 PM  all    1.00    0.00    3.00    0.00    0.00    0.00    0.00    0.00    0.00   96.00
08:21:11 PM  all    0.00    0.00    3.03    0.00    0.00    0.00    0.00    0.00    0.00   96.97
08:21:12 PM  all    1.02    0.00    2.04    0.00    0.00    0.00    0.00    0.00    0.00   96.94
08:21:13 PM  all    1.01    0.00    3.03    0.00    0.00    0.00    0.00    0.00    0.00   95.96
08:21:14 PM  all    1.00    0.00    3.00    0.00    0.00    0.00    0.00    0.00    0.00   96.00
08:21:15 PM  all    1.01    0.00    3.03    2.02    0.00    0.00    0.00    0.00    0.00   93.94
08:21:16 PM  all    2.97    0.99    2.97    0.00    0.00    0.00    0.00    0.00    0.00   93.07
08:21:17 PM  all    0.00    0.00    4.04    2.02    0.00    0.00    0.00    0.00    0.00   93.94
08:21:18 PM  all    1.02    0.00    3.06    0.00    0.00    0.00    0.00    0.00    0.00   95.92
08:21:19 PM  all    1.01    0.00    3.03    0.00    0.00    0.00    0.00    0.00    0.00   95.96
08:21:20 PM  all    1.00    0.00    3.00    0.00    0.00    0.00    0.00    0.00    0.00   96.00
08:21:21 PM  all    1.01    0.00    3.03    0.00    0.00    0.00    0.00    0.00    0.00   95.96
08:21:22 PM  all    2.04    0.00    5.10    2.04    0.00    1.02    0.00    0.00    0.00   89.80
08:21:23 PM  all   26.26    0.00    4.04    0.00    0.00    0.00    0.00    0.00    0.00   69.70
08:21:24 PM  all   90.00    0.00    1.00    0.00    0.00    1.00    0.00    0.00    0.00    8.00
08:21:25 PM  all   94.00    0.00    2.00    0.00    0.00    1.00    0.00    0.00    0.00    3.00
08:21:26 PM  all   97.03    0.00    1.98    0.00    0.00    0.99    0.00    0.00    0.00    0.00
08:21:27 PM  all   92.00    0.00    2.00    0.00    0.00    0.00    0.00    0.00    0.00    6.00
08:21:28 PM  all   95.92    0.00    1.02    0.00    0.00    0.00    0.00    0.00    0.00    3.06
08:21:29 PM  all   84.00    0.00    2.00    0.00    0.00    1.00    0.00    0.00    0.00   13.00
08:21:30 PM  all   93.94    0.00    1.01    0.00    0.00    0.00    0.00    0.00    0.00    5.05
08:21:31 PM  all   97.03    0.00    1.98    0.00    0.00    0.99    0.00    0.00    0.00    0.00
08:21:32 PM  all   98.99    0.00    1.01    0.00    0.00    0.00    0.00    0.00    0.00    0.00
08:21:33 PM  all   98.00    0.00    1.00    0.00    0.00    1.00    0.00    0.00    0.00    0.00
08:21:34 PM  all   97.06    0.00    1.96    0.00    0.00    0.98    0.00    0.00    0.00    0.00
08:21:35 PM  all   98.99    0.00    1.01    0.00    0.00    0.00    0.00    0.00    0.00    0.00
08:21:36 PM  all   98.00    0.00    1.00    0.00    0.00    1.00    0.00    0.00    0.00    0.00
08:21:37 PM  all   98.00    0.00    2.00    0.00    0.00    0.00    0.00    0.00    0.00    0.00
08:21:38 PM  all   97.98    0.00    2.02    0.00    0.00    0.00    0.00    0.00    0.00    0.00
08:21:39 PM  all   98.02    0.00    0.99    0.00    0.00    0.99    0.00    0.00    0.00    0.00
08:21:40 PM  all   97.98    0.00    2.02    0.00    0.00    0.00    0.00    0.00    0.00    0.00
08:21:41 PM  all   96.04    0.00    0.99    0.00    0.00    0.99    0.00    0.00    0.00    1.98
08:21:42 PM  all   98.00    0.00    2.00    0.00    0.00    0.00    0.00    0.00    0.00    0.00
08:21:43 PM  all   98.00    0.00    1.00    0.00    0.00    1.00    0.00    0.00    0.00    0.00
08:21:44 PM  all   98.00    0.00    2.00    0.00    0.00    0.00    0.00    0.00    0.00    0.00
08:21:45 PM  all   98.00    0.00    1.00    0.00    0.00    1.00    0.00    0.00    0.00    0.00
08:21:46 PM  all   96.00    0.00    2.00    0.00    0.00    1.00    0.00    0.00    0.00    1.00
08:21:47 PM  all   95.05    0.00    1.98    0.00    0.00    0.00    0.00    0.00    0.00    2.97
08:21:48 PM  all   98.99    0.00    1.01    0.00    0.00    0.00    0.00    0.00    0.00    0.00
08:21:49 PM  all   97.00    0.00    2.00    0.00    0.00    1.00    0.00    0.00    0.00    0.00
08:21:50 PM  all   98.02    0.00    0.99    0.00    0.00    0.99    0.00    0.00    0.00    0.00
08:21:51 PM  all   98.98    0.00    1.02    0.00    0.00    0.00    0.00    0.00    0.00    0.00
08:21:52 PM  all   97.06    0.00    1.96    0.00    0.00    0.98    0.00    0.00    0.00    0.00
08:21:53 PM  all   98.99    0.00    1.01    0.00    0.00    0.00    0.00    0.00    0.00    0.00
08:21:54 PM  all   98.00    0.00    1.00    0.00    0.00    1.00    0.00    0.00    0.00    0.00
08:21:55 PM  all   99.00    0.00    1.00    0.00    0.00    0.00    0.00    0.00    0.00    0.00
08:21:56 PM  all   99.00    0.00    1.00    0.00    0.00    0.00    0.00    0.00    0.00    0.00
08:21:57 PM  all   97.03    0.00    1.98    0.00    0.00    0.99    0.00    0.00    0.00    0.00
08:21:58 PM  all   98.00    0.00    2.00    0.00    0.00    0.00    0.00    0.00    0.00    0.00
08:21:59 PM  all   98.00    0.00    1.00    0.00    0.00    1.00    0.00    0.00    0.00    0.00
08:22:00 PM  all   97.98    0.00    2.02    0.00    0.00    0.00    0.00    0.00    0.00    0.00
08:22:01 PM  all   98.02    0.00    0.99    0.00    0.00    0.99    0.00    0.00    0.00    0.00
08:22:02 PM  all   98.99    0.00    1.01    0.00    0.00    0.00    0.00    0.00    0.00    0.00
08:22:03 PM  all   98.00    0.00    2.00    0.00    0.00    0.00    0.00    0.00    0.00    0.00
08:22:04 PM  all   97.03    0.00    1.98    0.00    0.00    0.99    0.00    0.00    0.00    0.00
08:22:05 PM  all   97.98    0.00    2.02    0.00    0.00    0.00    0.00    0.00    0.00    0.00
08:22:06 PM  all   99.00    0.00    1.00    0.00    0.00    0.00    0.00    0.00    0.00    0.00
08:22:07 PM  all   97.03    0.00    1.98    0.00    0.00    0.99    0.00    0.00    0.00    0.00
08:22:08 PM  all   97.98    0.00    1.01    0.00    0.00    1.01    0.00    0.00    0.00    0.00
08:22:09 PM  all   98.02    0.00    1.98    0.00    0.00    0.00    0.00    0.00    0.00    0.00
08:22:10 PM  all   98.00    0.00    1.00    0.00    0.00    1.00    0.00    0.00    0.00    0.00
08:22:11 PM  all   98.99    0.00    1.01    0.00    0.00    0.00    0.00    0.00    0.00    0.00
08:22:12 PM  all   98.00    0.00    1.00    0.00    0.00    1.00    0.00    0.00    0.00    0.00
08:22:13 PM  all   98.00    0.00    2.00    0.00    0.00    0.00    0.00    0.00    0.00    0.00
08:22:14 PM  all   98.00    0.00    1.00    0.00    0.00    1.00    0.00    0.00    0.00    0.00
08:22:15 PM  all   98.00    0.00    2.00    0.00    0.00    0.00    0.00    0.00    0.00    0.00
08:22:16 PM  all   97.03    0.00    1.98    0.00    0.00    0.99    0.00    0.00    0.00    0.00
08:22:17 PM  all   98.99    0.00    1.01    0.00    0.00    0.00    0.00    0.00    0.00    0.00
08:22:18 PM  all   98.00    0.00    2.00    0.00    0.00    0.00    0.00    0.00    0.00    0.00
08:22:19 PM  all   96.04    0.00    2.97    0.00    0.00    0.99    0.00    0.00    0.00    0.00
08:22:20 PM  all   98.99    0.00    1.01    0.00    0.00    0.00    0.00    0.00    0.00    0.00
08:22:21 PM  all   98.00    0.00    2.00    0.00    0.00    0.00    0.00    0.00    0.00    0.00
08:22:22 PM  all   98.00    0.00    1.00    0.00    0.00    1.00    0.00    0.00    0.00    0.00
08:22:23 PM  all   98.00    0.00    2.00    0.00    0.00    0.00    0.00    0.00    0.00    0.00
08:22:24 PM  all   97.03    0.00    1.98    0.00    0.00    0.99    0.00    0.00    0.00    0.00
08:22:25 PM  all   98.99    0.00    1.01    0.00    0.00    0.00    0.00    0.00    0.00    0.00
08:22:26 PM  all   98.00    0.00    2.00    0.00    0.00    0.00    0.00    0.00    0.00    0.00
08:22:27 PM  all   97.00    0.00    2.00    0.00    0.00    1.00    0.00    0.00    0.00    0.00
08:22:28 PM  all   99.00    0.00    1.00    0.00    0.00    0.00    0.00    0.00    0.00    0.00
08:22:29 PM  all   98.00    0.00    2.00    0.00    0.00    0.00    0.00    0.00    0.00    0.00
08:22:30 PM  all   98.00    0.00    1.00    0.00    0.00    1.00    0.00    0.00    0.00    0.00
08:22:31 PM  all   99.00    0.00    1.00    0.00    0.00    0.00    0.00    0.00    0.00    0.00
08:22:32 PM  all   98.00    0.00    2.00    0.00    0.00    0.00    0.00    0.00    0.00    0.00
08:22:33 PM  all   98.02    0.00    0.99    0.00    0.00    0.99    0.00    0.00    0.00    0.00
08:22:34 PM  all   98.00    0.00    2.00    0.00    0.00    0.00    0.00    0.00    0.00    0.00
08:22:35 PM  all   97.98    0.00    2.02    0.00    0.00    0.00    0.00    0.00    0.00    0.00
08:22:36 PM  all   97.03    0.00    1.98    0.00    0.00    0.99    0.00    0.00    0.00    0.00
08:22:37 PM  all   97.98    0.00    1.01    0.00    0.00    1.01    0.00    0.00    0.00    0.00
08:22:38 PM  all   98.02    0.00    1.98    0.00    0.00    0.00    0.00    0.00    0.00    0.00
08:22:39 PM  all   97.98    0.00    1.01    0.00    0.00    1.01    0.00    0.00    0.00    0.00
08:22:40 PM  all   99.00    0.00    1.00    0.00    0.00    0.00    0.00    0.00    0.00    0.00
08:22:41 PM  all   97.03    0.00    1.98    0.00    0.00    0.99    0.00    0.00    0.00    0.00
08:22:42 PM  all   97.00    0.00    2.00    0.00    0.00    1.00    0.00    0.00    0.00    0.00
08:22:43 PM  all   99.00    0.00    1.00    0.00    0.00    0.00    0.00    0.00    0.00    0.00
08:22:44 PM  all   98.00    0.00    1.00    0.00    0.00    1.00    0.00    0.00    0.00    0.00
08:22:45 PM  all   97.98    0.00    2.02    0.00    0.00    0.00    0.00    0.00    0.00    0.00
08:22:46 PM  all   98.00    0.00    1.00    0.00    0.00    1.00    0.00    0.00    0.00    0.00
08:22:47 PM  all   99.00    0.00    1.00    0.00    0.00    0.00    0.00    0.00    0.00    0.00
08:22:48 PM  all   98.00    0.00    1.00    0.00    0.00    1.00    0.00    0.00    0.00    0.00
08:22:49 PM  all   97.00    0.00    2.00    0.00    0.00    1.00    0.00    0.00    0.00    0.00
08:22:50 PM  all   98.99    0.00    1.01    0.00    0.00    0.00    0.00    0.00    0.00    0.00
08:22:51 PM  all   97.03    0.00    1.98    0.00    0.00    0.99    0.00    0.00    0.00    0.00
08:22:52 PM  all   99.00    0.00    1.00    0.00    0.00    0.00    0.00    0.00    0.00    0.00
08:22:53 PM  all   97.00    0.00    2.00    0.00    0.00    1.00    0.00    0.00    0.00    0.00
08:22:54 PM  all   98.00    0.00    1.00    0.00    0.00    1.00    0.00    0.00    0.00    0.00
08:22:55 PM  all   98.00    0.00    2.00    0.00    0.00    0.00    0.00    0.00    0.00    0.00
08:22:56 PM  all   99.00    0.00    1.00    0.00    0.00    0.00    0.00    0.00    0.00    0.00
08:22:57 PM  all   98.00    0.00    1.00    0.00    0.00    1.00    0.00    0.00    0.00    0.00
08:22:58 PM  all   96.04    0.00    2.97    0.00    0.00    0.99    0.00    0.00    0.00    0.00
08:22:59 PM  all   99.00    0.00    1.00    0.00    0.00    0.00    0.00    0.00    0.00    0.00
08:23:00 PM  all   97.98    0.00    1.01    0.00    0.00    1.01    0.00    0.00    0.00    0.00
08:23:01 PM  all   98.02    0.00    1.98    0.00    0.00    0.00    0.00    0.00    0.00    0.00
08:23:02 PM  all   98.00    0.00    1.00    0.00    0.00    1.00    0.00    0.00    0.00    0.00
08:23:03 PM  all   97.98    0.00    2.02    0.00    0.00    0.00    0.00    0.00    0.00    0.00
08:23:04 PM  all   98.02    0.00    0.99    0.00    0.00    0.99    0.00    0.00    0.00    0.00
08:23:05 PM  all   98.00    0.00    1.00    0.00    0.00    1.00    0.00    0.00    0.00    0.00
08:23:06 PM  all   98.99    0.00    1.01    0.00    0.00    0.00    0.00    0.00    0.00    0.00
08:23:07 PM  all   99.00    0.00    1.00    0.00    0.00    0.00    0.00    0.00    0.00    0.00
08:23:08 PM  all   98.00    0.00    2.00    0.00    0.00    0.00    0.00    0.00    0.00    0.00
08:23:09 PM  all   98.00    0.00    1.00    0.00    0.00    1.00    0.00    0.00    0.00    0.00
08:23:10 PM  all   98.00    0.00    2.00    0.00    0.00    0.00    0.00    0.00    0.00    0.00
08:23:11 PM  all   99.00    0.00    1.00    0.00    0.00    0.00    0.00    0.00    0.00    0.00
08:23:12 PM  all   97.03    0.00    1.98    0.00    0.00    0.99    0.00    0.00    0.00    0.00
08:23:13 PM  all   99.00    0.00    1.00    0.00    0.00    0.00    0.00    0.00    0.00    0.00
08:23:14 PM  all   98.99    0.00    1.01    0.00    0.00    0.00    0.00    0.00    0.00    0.00
08:23:15 PM  all   97.00    0.00    2.00    0.00    0.00    1.00    0.00    0.00    0.00    0.00
08:23:16 PM  all   99.00    0.00    1.00    0.00    0.00    0.00    0.00    0.00    0.00    0.00
08:23:17 PM  all   99.00    0.00    1.00    0.00    0.00    0.00    0.00    0.00    0.00    0.00
08:23:18 PM  all   98.02    0.00    0.99    0.00    0.00    0.99    0.00    0.00    0.00    0.00
08:23:19 PM  all   99.00    0.00    1.00    0.00    0.00    0.00    0.00    0.00    0.00    0.00
08:23:20 PM  all   98.99    0.00    1.01    0.00    0.00    0.00    0.00    0.00    0.00    0.00
08:23:21 PM  all   98.00    0.00    1.00    0.00    0.00    1.00    0.00    0.00    0.00    0.00
08:23:22 PM  all   97.03    0.00    1.98    0.00    0.00    0.99    0.00    0.00    0.00    0.00
08:23:23 PM  all   98.99    0.00    1.01    0.00    0.00    0.00    0.00    0.00    0.00    0.00
08:23:24 PM  all   97.03    0.99    1.98    0.00    0.00    0.00    0.00    0.00    0.00    0.00
08:23:25 PM  all   99.00    0.00    0.00    0.00    0.00    1.00    0.00    0.00    0.00    0.00
08:23:26 PM  all   98.00    0.00    2.00    0.00    0.00    0.00    0.00    0.00    0.00    0.00
08:23:27 PM  all   99.00    0.00    1.00    0.00    0.00    0.00    0.00    0.00    0.00    0.00
08:23:28 PM  all   96.04    0.00    2.97    0.00    0.00    0.99    0.00    0.00    0.00    0.00
08:23:29 PM  all   98.99    0.00    1.01    0.00    0.00    0.00    0.00    0.00    0.00    0.00
08:23:30 PM  all   98.02    0.00    0.99    0.00    0.00    0.99    0.00    0.00    0.00    0.00
08:23:31 PM  all   98.99    0.00    1.01    0.00    0.00    0.00    0.00    0.00    0.00    0.00
08:23:32 PM  all   98.00    0.00    1.00    0.00    0.00    1.00    0.00    0.00    0.00    0.00
08:23:33 PM  all   99.00    0.00    1.00    0.00    0.00    0.00    0.00    0.00    0.00    0.00
08:23:34 PM  all   97.03    0.00    1.98    0.00    0.00    0.99    0.00    0.00    0.00    0.00
08:23:35 PM  all   97.98    0.00    1.01    0.00    0.00    1.01    0.00    0.00    0.00    0.00
08:23:36 PM  all   99.01    0.00    0.99    0.00    0.00    0.00    0.00    0.00    0.00    0.00
08:23:37 PM  all  100.00    0.00    0.00    0.00    0.00    0.00    0.00    0.00    0.00    0.00
08:23:38 PM  all   98.02    0.00    0.99    0.00    0.00    0.99    0.00    0.00    0.00    0.00
08:23:39 PM  all   99.00    0.00    1.00    0.00    0.00    0.00    0.00    0.00    0.00    0.00
08:23:40 PM  all   98.00    0.00    1.00    0.00    0.00    1.00    0.00    0.00    0.00    0.00
08:23:41 PM  all   98.99    0.00    1.01    0.00    0.00    0.00    0.00    0.00    0.00    0.00
08:23:42 PM  all   98.02    0.00    0.99    0.00    0.00    0.99    0.00    0.00    0.00    0.00
08:23:43 PM  all   99.00    0.00    1.00    0.00    0.00    0.00    0.00    0.00    0.00    0.00
08:23:44 PM  all   98.00    0.00    2.00    0.00    0.00    0.00    0.00    0.00    0.00    0.00
08:23:45 PM  all   99.00    0.00    1.00    0.00    0.00    0.00    0.00    0.00    0.00    0.00
08:23:46 PM  all   98.00    0.00    1.00    0.00    0.00    1.00    0.00    0.00    0.00    0.00
08:23:47 PM  all   98.00    0.00    1.00    0.00    0.00    1.00    0.00    0.00    0.00    0.00
08:23:48 PM  all   98.00    0.00    2.00    0.00    0.00    0.00    0.00    0.00    0.00    0.00
08:23:49 PM  all  100.00    0.00    0.00    0.00    0.00    0.00    0.00    0.00    0.00    0.00
08:23:50 PM  all   97.06    0.00    1.96    0.00    0.00    0.98    0.00    0.00    0.00    0.00
08:23:51 PM  all   97.98    0.00    2.02    0.00    0.00    0.00    0.00    0.00    0.00    0.00
08:23:52 PM  all   99.00    0.00    1.00    0.00    0.00    0.00    0.00    0.00    0.00    0.00
08:23:53 PM  all   98.00    0.00    1.00    0.00    0.00    1.00    0.00    0.00    0.00    0.00
08:23:54 PM  all   98.00    0.00    1.00    0.00    0.00    1.00    0.00    0.00    0.00    0.00
08:23:55 PM  all   99.00    0.00    1.00    0.00    0.00    0.00    0.00    0.00    0.00    0.00
08:23:56 PM  all   98.00    0.00    2.00    0.00    0.00    0.00    0.00    0.00    0.00    0.00
08:23:57 PM  all   99.00    0.00    1.00    0.00    0.00    0.00    0.00    0.00    0.00    0.00
08:23:58 PM  all   99.00    0.00    1.00    0.00    0.00    0.00    0.00    0.00    0.00    0.00
08:23:59 PM  all   98.00    0.00    1.00    0.00    0.00    1.00    0.00    0.00    0.00    0.00
08:24:00 PM  all   99.00    0.00    1.00    0.00    0.00    0.00    0.00    0.00    0.00    0.00
08:24:01 PM  all   97.00    0.00    2.00    0.00    0.00    1.00    0.00    0.00    0.00    0.00
08:24:02 PM  all   99.00    0.00    1.00    0.00    0.00    0.00    0.00    0.00    0.00    0.00
08:24:03 PM  all   97.03    0.00    1.98    0.00    0.00    0.99    0.00    0.00    0.00    0.00
08:24:04 PM  all   98.99    0.00    1.01    0.00    0.00    0.00    0.00    0.00    0.00    0.00
08:24:05 PM  all   98.02    0.00    0.99    0.00    0.00    0.99    0.00    0.00    0.00    0.00
08:24:06 PM  all  100.00    0.00    0.00    0.00    0.00    0.00    0.00    0.00    0.00    0.00
08:24:07 PM  all   98.02    0.00    0.99    0.00    0.00    0.99    0.00    0.00    0.00    0.00
08:24:08 PM  all   98.02    0.00    1.98    0.00    0.00    0.00    0.00    0.00    0.00    0.00
08:24:09 PM  all   98.99    0.00    1.01    0.00    0.00    0.00    0.00    0.00    0.00    0.00
08:24:10 PM  all   98.00    0.00    1.00    0.00    0.00    1.00    0.00    0.00    0.00    0.00
08:24:11 PM  all   98.00    0.00    1.00    0.00    0.00    1.00    0.00    0.00    0.00    0.00
08:24:12 PM  all   99.00    0.00    1.00    0.00    0.00    0.00    0.00    0.00    0.00    0.00
08:24:13 PM  all   97.00    0.00    2.00    0.00    0.00    1.00    0.00    0.00    0.00    0.00
08:24:14 PM  all   98.02    0.00    0.99    0.00    0.00    0.99    0.00    0.00    0.00    0.00
08:24:15 PM  all   98.99    0.00    1.01    0.00    0.00    0.00    0.00    0.00    0.00    0.00
08:24:16 PM  all   98.00    0.00    1.00    0.00    0.00    1.00    0.00    0.00    0.00    0.00
08:24:17 PM  all   98.99    0.00    1.01    0.00    0.00    0.00    0.00    0.00    0.00    0.00
08:24:18 PM  all   98.02    0.00    0.99    0.00    0.00    0.99    0.00    0.00    0.00    0.00
08:24:19 PM  all   98.00    0.00    1.00    0.00    0.00    1.00    0.00    0.00    0.00    0.00
08:24:20 PM  all   97.00    0.00    3.00    0.00    0.00    0.00    0.00    0.00    0.00    0.00
08:24:21 PM  all   98.02    0.00    0.99    0.00    0.00    0.99    0.00    0.00    0.00    0.00
08:24:22 PM  all   98.99    0.00    1.01    0.00    0.00    0.00    0.00    0.00    0.00    0.00
08:24:23 PM  all   98.00    0.00    1.00    0.00    0.00    1.00    0.00    0.00    0.00    0.00
08:24:24 PM  all   98.00    0.00    2.00    0.00    0.00    0.00    0.00    0.00    0.00    0.00
08:24:25 PM  all   82.83    0.00    1.01    0.00    0.00    0.00    0.00    0.00    0.00   16.16
08:24:26 PM  all    3.00    0.00    4.00    3.00    0.00    0.00    0.00    0.00    0.00   90.00
08:24:27 PM  all    1.01    0.00    2.02    0.00    0.00    0.00    0.00    0.00    0.00   96.97
08:24:28 PM  all    1.00    0.00    3.00    0.00    0.00    0.00    0.00    0.00    0.00   96.00
08:24:29 PM  all    0.00    0.00    3.06    0.00    0.00    0.00    0.00    0.00    0.00   96.94
08:24:30 PM  all    1.01    0.00    2.02    0.00    0.00    0.00    0.00    0.00    0.00   96.97
08:24:31 PM  all    0.99    0.00    2.97    0.00    0.00    0.00    0.00    0.00    0.00   96.04
08:24:32 PM  all    1.01    0.00    3.03    2.02    0.00    0.00    0.00    0.00    0.00   93.94
08:24:33 PM  all    0.00    0.00    1.02    0.00    0.00    0.00    0.00    0.00    0.00   98.98
08:24:34 PM  all    1.98    0.00    1.98    0.00    0.00    0.99    0.00    0.00    0.00   95.05
08:24:35 PM  all    1.00    1.00    1.00    0.00    0.00    0.00    0.00    0.00    0.00   97.00
08:24:36 PM  all    1.00    0.00    3.00    0.00    0.00    0.00    0.00    0.00    0.00   96.00
08:24:37 PM  all    6.12    0.00    2.04    2.04    0.00    0.00    0.00    0.00    0.00   89.80
08:24:38 PM  all    2.02    0.00    3.03    0.00    0.00    0.00    0.00    0.00    0.00   94.95
08:24:39 PM  all    1.00    0.00    3.00    0.00    0.00    0.00    0.00    0.00    0.00   96.00
08:24:40 PM  all    1.01    0.00    3.03    0.00    0.00    0.00    0.00    0.00    0.00   95.96
08:24:41 PM  all    0.00    0.00    3.03    0.00    0.00    0.00    0.00    0.00    0.00   96.97
08:24:42 PM  all    0.00    0.00    4.04    2.02    0.00    0.00    0.00    0.00    0.00   93.94
08:24:43 PM  all    1.01    0.00    3.03    0.00    0.00    0.00    0.00    0.00    0.00   95.96
08:24:44 PM  all    1.01    0.00    2.02    0.00    0.00    0.00    0.00    0.00    0.00   96.97
08:24:45 PM  all    1.01    0.00    3.03    0.00    0.00    0.00    0.00    0.00    0.00   95.96
08:24:46 PM  all    1.00    0.00    3.00    0.00    0.00    0.00    0.00    0.00    0.00   96.00
08:24:47 PM  all    3.00    0.00    2.00    3.00    0.00    0.00    0.00    0.00    0.00   92.00
08:24:48 PM  all    0.99    0.99    3.96    0.00    0.00    0.00    0.00    0.00    0.00   94.06
08:24:49 PM  all    0.00    0.00    3.06    0.00    0.00    0.00    0.00    0.00    0.00   96.94
08:24:50 PM  all    1.01    0.00    3.03    0.00    0.00    0.00    0.00    0.00    0.00   95.96
08:24:51 PM  all    1.02    0.00    2.04    0.00    0.00    0.00    0.00    0.00    0.00   96.94
08:24:52 PM  all    2.00    0.00    3.00    2.00    0.00    0.00    0.00    0.00    0.00   93.00
08:24:53 PM  all    1.01    0.00    3.03    0.00    0.00    0.00    0.00    0.00    0.00   95.96
08:24:54 PM  all    0.00    0.00    4.04    0.00    0.00    0.00    0.00    0.00    0.00   95.96
08:24:55 PM  all    1.00    0.00    3.00    0.00    0.00    0.00    0.00    0.00    0.00   96.00
08:24:56 PM  all    1.01    0.00    3.03    0.00    0.00    0.00    0.00    0.00    0.00   95.96
08:24:57 PM  all    1.01    0.00    2.02    2.02    0.00    0.00    0.00    0.00    0.00   94.95
08:24:58 PM  all    1.01    0.00    3.03    0.00    0.00    0.00    0.00    0.00    0.00   95.96
08:25:00 PM  all    1.00    0.00    3.00    0.00    0.00    0.00    0.00    0.00    0.00   96.00
08:25:01 PM  all    1.01    0.00    4.04    0.00    0.00    0.00    0.00    0.00    0.00   94.95
08:25:02 PM  all    1.00    0.00    4.00    1.00    0.00    0.00    0.00    0.00    0.00   94.00
08:25:03 PM  all    2.02    0.00    2.02    2.02    0.00    0.00    0.00    0.00    0.00   93.94
08:25:04 PM  all    0.00    0.00    3.00    0.00    0.00    0.00    0.00    0.00    0.00   97.00
08:25:05 PM  all    1.01    0.00    2.02    0.00    0.00    0.00    0.00    0.00    0.00   96.97
08:25:06 PM  all    1.01    0.00    2.02    0.00    0.00    0.00    0.00    0.00    0.00   96.97
08:25:07 PM  all    1.00    0.00    4.00    0.00    0.00    0.00    0.00    0.00    0.00   95.00
08:25:08 PM  all    1.01    1.01    2.02    2.02    0.00    0.00    0.00    0.00    0.00   93.94
08:25:09 PM  all    1.01    0.00    3.03    0.00    0.00    0.00    0.00    0.00    0.00   95.96
08:25:10 PM  all    3.00    0.00    3.00    0.00    0.00    1.00    0.00    0.00    0.00   93.00
08:25:11 PM  all    1.01    0.00    3.03    0.00    0.00    0.00    0.00    0.00    0.00   95.96
08:25:12 PM  all    1.01    0.00    3.03    0.00    0.00    0.00    0.00    0.00    0.00   95.96
08:25:13 PM  all    1.00    0.00    3.00    2.00    0.00    0.00    0.00    0.00    0.00   94.00
08:25:14 PM  all    0.00    0.00    3.06    0.00    0.00    0.00    0.00    0.00    0.00   96.94
08:25:15 PM  all    1.01    0.00    3.03    0.00    0.00    0.00    0.00    0.00    0.00   95.96
08:25:16 PM  all    1.01    0.00    3.03    0.00    0.00    0.00    0.00    0.00    0.00   95.96
08:25:17 PM  all    2.02    0.00    2.02    0.00    0.00    0.00    0.00    0.00    0.00   95.96
08:25:18 PM  all    1.00    0.00    3.00    2.00    0.00    0.00    0.00    0.00    0.00   94.00
08:25:19 PM  all    1.01    0.00    3.03    0.00    0.00    0.00    0.00    0.00    0.00   95.96
08:25:20 PM  all    0.00    0.00    3.06    0.00    0.00    0.00    0.00    0.00    0.00   96.94
08:25:21 PM  all    1.01    0.00    2.02    0.00    0.00    0.00    0.00    0.00    0.00   96.97
08:25:22 PM  all    1.01    0.00    3.03    0.00    0.00    0.00    0.00    0.00    0.00   95.96
08:25:23 PM  all    1.01    0.00    3.03    0.00    0.00    1.01    0.00    0.00    0.00   94.95
08:25:24 PM  all    1.01    0.00    2.02    1.01    0.00    0.00    0.00    0.00    0.00   95.96
08:25:25 PM  all    1.01    0.00    3.03    0.00    0.00    0.00    0.00    0.00    0.00   95.96
08:25:26 PM  all    1.00    0.00    3.00    0.00    0.00    0.00    0.00    0.00    0.00   96.00
08:25:27 PM  all    2.04    0.00    4.08    2.04    0.00    0.00    0.00    0.00    0.00   91.84
08:25:28 PM  all    1.01    0.00    1.01    0.00    0.00    0.00    0.00    0.00    0.00   97.98
08:25:29 PM  all    1.00    0.00    2.00    0.00    0.00    0.00    0.00    0.00    0.00   97.00
08:25:30 PM  all    1.01    0.00    1.01    0.00    0.00    0.00    0.00    0.00    0.00   97.98
08:25:31 PM  all    0.00    0.00    3.03    0.00    0.00    0.00    0.00    0.00    0.00   96.97
08:25:32 PM  all    1.01    0.00    1.01    0.00    0.00    0.00    0.00    0.00    0.00   97.98
08:25:33 PM  all    1.00    0.00    3.00    2.00    0.00    0.00    0.00    0.00    0.00   94.00
08:25:34 PM  all    0.00    0.00    3.06    0.00    0.00    0.00    0.00    0.00    0.00   96.94
08:25:35 PM  all    3.00    0.00    3.00    0.00    0.00    0.00    0.00    0.00    0.00   94.00
08:25:36 PM  all    1.02    0.00    2.04    0.00    0.00    0.00    0.00    0.00    0.00   96.94
08:25:37 PM  all    2.97    0.99    3.96    0.00    0.00    0.00    0.00    0.00    0.00   92.08
08:25:38 PM  all    1.00    0.00    2.00    3.00    0.00    0.00    0.00    0.00    0.00   94.00
08:25:39 PM  all    1.01    0.00    3.03    0.00    0.00    0.00    0.00    0.00    0.00   95.96
08:25:40 PM  all    1.01    0.00    3.03    0.00    0.00    0.00    0.00    0.00    0.00   95.96
08:25:41 PM  all    1.00    0.00    3.00    0.00    0.00    0.00    0.00    0.00    0.00   96.00
08:25:42 PM  all    1.01    0.00    3.03    0.00    0.00    0.00    0.00    0.00    0.00   95.96
08:25:43 PM  all    0.00    0.00    3.09    2.06    0.00    0.00    0.00    0.00    0.00   94.85
08:25:44 PM  all    5.05    0.00    6.06    0.00    0.00    0.00    0.00    0.00    0.00   88.89
08:25:45 PM  all    2.00    0.00    3.00    0.00    0.00    0.00    0.00    0.00    0.00   95.00
08:25:46 PM  all    1.01    0.00    3.03    0.00    0.00    0.00    0.00    0.00    0.00   95.96
08:25:47 PM  all    2.02    0.00    3.03    0.00    0.00    0.00    0.00    0.00    0.00   94.95
08:25:48 PM  all    0.99    0.00    2.97    0.00    0.00    0.99    0.00    0.00    0.00   95.05
08:25:49 PM  all    1.02    0.00    3.06    0.00    0.00    0.00    0.00    0.00    0.00   95.92
08:25:50 PM  all    3.19    0.00    6.38    0.00    0.00    0.00    0.00    0.00    0.00   90.43
08:25:51 PM  all   12.64    0.00   13.79    0.00    0.00    0.00    0.00    0.00    0.00   73.56
08:25:52 PM  all    6.90    0.00   10.34    0.00    0.00    0.00    0.00    0.00    0.00   82.76
08:25:53 PM  all    1.98    0.00    1.98    2.97    0.00    0.00    0.00    0.00    0.00   93.07
08:25:54 PM  all    0.00    1.01    3.03    0.00    0.00    0.00    0.00    0.00    0.00   95.96
08:25:55 PM  all    1.00    0.00    3.00    0.00    0.00    0.00    0.00    0.00    0.00   96.00
08:25:56 PM  all    1.01    0.00    1.01    0.00    0.00    0.00    0.00    0.00    0.00   97.98
08:25:57 PM  all    3.00    0.00    2.00    0.00    0.00    0.00    0.00    0.00    0.00   95.00
08:25:58 PM  all    1.03    0.00    1.03    2.06    0.00    0.00    0.00    0.00    0.00   95.88
08:25:59 PM  all    6.00    0.00    3.00    0.00    0.00    0.00    0.00    0.00    0.00   91.00
08:26:00 PM  all    3.00    0.00    4.00    0.00    0.00    0.00    0.00    0.00    0.00   93.00
08:26:01 PM  all    2.04    0.00    3.06    0.00    0.00    0.00    0.00    0.00    0.00   94.90
